0 verbose cli C:\Program Files\nodejs\node.exe C:\Users\USER\AppData\Roaming\npm\node_modules\npm\bin\npm-cli.js
1 info using npm@10.7.0
2 info using node@v20.9.0
3 silly config:load:file:C:\Users\USER\AppData\Roaming\npm\node_modules\npm\npmrc
4 silly config:load:file:C:\Users\USER\.npmrc
5 silly config:load:file:C:\Users\USER\AppData\Roaming\npm\etc\npmrc
6 verbose title npm install create-vite
7 verbose argv "install" "--global" "create-vite"
8 verbose logfile logs-max:10 dir:C:\Users\USER\Desktop\sobokkiworld\sobokkiworld\pathtonpm-cache\_logs\2024-05-09T12_57_43_953Z-
9 verbose logfile C:\Users\USER\Desktop\sobokkiworld\sobokkiworld\pathtonpm-cache\_logs\2024-05-09T12_57_43_953Z-debug-0.log
10 silly logfile done cleaning log files
11 silly idealTree buildDeps
12 silly fetch manifest create-vite@*
13 http fetch GET 200 https://registry.npmjs.org/create-vite 900ms (cache miss)
14 silly placeDep ROOT create-vite@5.2.3 OK for:  want: *
15 silly reify mark retired [
15 silly reify   'C:\\Users\\USER\\AppData\\Roaming\\npm\\node_modules\\create-vite',
15 silly reify   'C:\\Users\\USER\\AppData\\Roaming\\npm\\create-vite',
15 silly reify   'C:\\Users\\USER\\AppData\\Roaming\\npm\\create-vite.cmd',
15 silly reify   'C:\\Users\\USER\\AppData\\Roaming\\npm\\create-vite.ps1',
15 silly reify   'C:\\Users\\USER\\AppData\\Roaming\\npm\\cva',
15 silly reify   'C:\\Users\\USER\\AppData\\Roaming\\npm\\cva.cmd',
15 silly reify   'C:\\Users\\USER\\AppData\\Roaming\\npm\\cva.ps1'
15 silly reify ]
16 silly reify moves {
16 silly reify   'C:\\Users\\USER\\AppData\\Roaming\\npm\\node_modules\\create-vite': 'C:\\Users\\USER\\AppData\\Roaming\\npm\\node_modules\\.create-vite-XR50q52E',
16 silly reify   'C:\\Users\\USER\\AppData\\Roaming\\npm\\create-vite': 'C:\\Users\\USER\\AppData\\Roaming\\npm\\.create-vite-lGe2RkNW',
16 silly reify   'C:\\Users\\USER\\AppData\\Roaming\\npm\\create-vite.cmd': 'C:\\Users\\USER\\AppData\\Roaming\\npm\\.create-vite.cmd-3TiOoybG',
16 silly reify   'C:\\Users\\USER\\AppData\\Roaming\\npm\\create-vite.ps1': 'C:\\Users\\USER\\AppData\\Roaming\\npm\\.create-vite.ps1-i2kOE66F',
16 silly reify   'C:\\Users\\USER\\AppData\\Roaming\\npm\\cva': 'C:\\Users\\USER\\AppData\\Roaming\\npm\\.cva-tkdBBCzI',
16 silly reify   'C:\\Users\\USER\\AppData\\Roaming\\npm\\cva.cmd': 'C:\\Users\\USER\\AppData\\Roaming\\npm\\.cva.cmd-2zPYqepa',
16 silly reify   'C:\\Users\\USER\\AppData\\Roaming\\npm\\cva.ps1': 'C:\\Users\\USER\\AppData\\Roaming\\npm\\.cva.ps1-mawTuAeY'
16 silly reify }
17 silly tarball no local data for create-vite@https://registry.npmjs.org/create-vite/-/create-vite-5.2.3.tgz. Extracting by manifest.
18 http fetch GET 200 https://registry.npmjs.org/create-vite/-/create-vite-5.2.3.tgz 6142ms (cache miss)
19 silly CHANGE node_modules/create-vite
20 verbose exit 0
21 info ok
