0 verbose cli C:\Program Files\nodejs\node.exe C:\Users\USER\AppData\Roaming\npm\node_modules\npm\bin\npm-cli.js
1 info using npm@10.7.0
2 info using node@v20.9.0
3 silly config:load:file:C:\Users\USER\AppData\Roaming\npm\node_modules\npm\npmrc
4 silly config:load:file:C:\Users\USER\Desktop\sobokkiworld\sobokkiworld\.npmrc
5 silly config:load:file:C:\Users\USER\.npmrc
6 silly config:load:file:C:\Users\USER\AppData\Roaming\npm\etc\npmrc
7 verbose title npm install vite-plugin-react
8 verbose argv "install" "vite-plugin-react" "--save-dev"
9 verbose logfile logs-max:10 dir:C:\Users\USER\Desktop\sobokkiworld\sobokkiworld\pathtonpm-cache\_logs\2024-05-09T13_00_26_902Z-
10 verbose logfile C:\Users\USER\Desktop\sobokkiworld\sobokkiworld\pathtonpm-cache\_logs\2024-05-09T13_00_26_902Z-debug-0.log
11 silly logfile done cleaning log files
12 silly idealTree buildDeps
13 silly fetch manifest vite-plugin-react@*
14 verbose shrinkwrap failed to load node_modules/.package-lock.json out of date, updated: node_modules
15 http fetch GET 200 https://registry.npmjs.org/vite-plugin-react 1722ms (cache miss)
16 silly fetch manifest vite@>=1.0.0-rc.13
17 http fetch GET 200 https://registry.npmjs.org/vite 4429ms (cache miss)
18 silly fetch manifest @types/node@^20
19 http fetch GET 200 https://registry.npmjs.org/@types%2fnode 1340ms (cache miss)
20 silly fetch manifest less@*
21 http fetch GET 200 https://registry.npmjs.org/less 1043ms (cache miss)
22 silly fetch manifest lightningcss@^1.21.0
23 http fetch GET 200 https://registry.npmjs.org/lightningcss 151ms (cache miss)
24 silly fetch manifest sass@*
25 http fetch GET 200 https://registry.npmjs.org/sass 2318ms (cache miss)
26 silly fetch manifest stylus@*
27 http fetch GET 200 https://registry.npmjs.org/stylus 773ms (cache miss)
28 silly fetch manifest sugarss@*
29 http fetch GET 200 https://registry.npmjs.org/sugarss 263ms (cache miss)
30 silly fetch manifest postcss@^8.3.3
31 http fetch GET 200 https://registry.npmjs.org/postcss 5586ms (cache miss)
32 silly fetch manifest terser@^5.4.0
33 http fetch GET 200 https://registry.npmjs.org/terser 1417ms (cache miss)
34 silly placeDep ROOT vite-plugin-react@4.0.1 OK for: sobokkiworld@0.1.0 want: *
35 silly placeDep ROOT vite@5.2.11 OK for: vite-plugin-react@4.0.1 want: >=1.0.0-rc.13
36 silly fetch manifest @babel/core@^7.9.6
37 silly fetch manifest @babel/plugin-syntax-import-meta@^7.10.4
38 silly fetch manifest react-refresh@^0.8.2
39 http fetch GET 200 https://registry.npmjs.org/@babel%2fcore 363ms (cache miss)
40 silly fetch manifest esbuild@^0.20.1
41 http fetch GET 200 https://registry.npmjs.org/@babel%2fplugin-syntax-import-meta 567ms (cache miss)
42 silly fetch manifest postcss@^8.4.38
43 silly fetch manifest rollup@^4.13.0
44 http fetch GET 200 https://registry.npmjs.org/esbuild 412ms (cache miss)
45 silly fetch manifest fsevents@~2.3.3
46 http fetch GET 200 https://registry.npmjs.org/fsevents 120ms (cache miss)
47 http fetch GET 200 https://registry.npmjs.org/react-refresh 1098ms (cache miss)
48 http fetch GET 200 https://registry.npmjs.org/rollup 1342ms (cache miss)
49 silly placeDep ROOT esbuild@0.20.2 OK for: vite@5.2.11 want: ^0.20.1
50 silly placeDep ROOT fsevents@2.3.3 OK for: vite@5.2.11 want: ~2.3.3
51 silly placeDep node_modules/vite postcss@8.4.38 OK for: vite@5.2.11 want: ^8.4.38
52 silly placeDep ROOT rollup@4.17.2 OK for: vite@5.2.11 want: ^4.13.0
53 silly fetch manifest @esbuild/aix-ppc64@0.20.2
54 silly fetch manifest @esbuild/android-arm@0.20.2
55 silly fetch manifest @esbuild/android-arm64@0.20.2
56 http fetch GET 200 https://registry.npmjs.org/@esbuild%2fandroid-arm64 1069ms (cache miss)
57 silly fetch manifest @esbuild/android-x64@0.20.2
58 http fetch GET 200 https://registry.npmjs.org/@esbuild%2fandroid-arm 1143ms (cache miss)
59 silly fetch manifest @esbuild/darwin-arm64@0.20.2
60 http fetch GET 200 https://registry.npmjs.org/@esbuild%2faix-ppc64 1738ms (cache miss)
61 silly fetch manifest @esbuild/darwin-x64@0.20.2
62 http fetch GET 200 https://registry.npmjs.org/@esbuild%2fdarwin-arm64 690ms (cache miss)
63 silly fetch manifest @esbuild/freebsd-arm64@0.20.2
64 http fetch GET 200 https://registry.npmjs.org/@esbuild%2fdarwin-x64 193ms (cache miss)
65 silly fetch manifest @esbuild/freebsd-x64@0.20.2
66 http fetch GET 200 https://registry.npmjs.org/@esbuild%2fandroid-x64 883ms (cache miss)
67 silly fetch manifest @esbuild/linux-arm@0.20.2
68 http fetch GET 200 https://registry.npmjs.org/@esbuild%2flinux-arm 141ms (cache miss)
69 silly fetch manifest @esbuild/linux-arm64@0.20.2
70 http fetch GET 200 https://registry.npmjs.org/@esbuild%2flinux-arm64 131ms (cache miss)
71 silly fetch manifest @esbuild/linux-ia32@0.20.2
72 http fetch GET 200 https://registry.npmjs.org/@esbuild%2ffreebsd-arm64 410ms (cache miss)
73 silly fetch manifest @esbuild/linux-loong64@0.20.2
74 http fetch GET 200 https://registry.npmjs.org/@esbuild%2flinux-ia32 2517ms (cache miss)
75 silly fetch manifest @esbuild/linux-mips64el@0.20.2
76 http fetch GET 200 https://registry.npmjs.org/@esbuild%2ffreebsd-x64 2898ms (cache miss)
77 silly fetch manifest @esbuild/linux-ppc64@0.20.2
78 http fetch GET 200 https://registry.npmjs.org/@esbuild%2flinux-loong64 2587ms (cache miss)
79 silly fetch manifest @esbuild/linux-riscv64@0.20.2
80 http fetch GET 200 https://registry.npmjs.org/@esbuild%2flinux-mips64el 1144ms (cache miss)
81 silly fetch manifest @esbuild/linux-s390x@0.20.2
82 http fetch GET 200 https://registry.npmjs.org/@esbuild%2flinux-ppc64 1089ms (cache miss)
83 silly fetch manifest @esbuild/linux-x64@0.20.2
84 http fetch GET 200 https://registry.npmjs.org/@esbuild%2flinux-riscv64 1100ms (cache miss)
85 silly fetch manifest @esbuild/netbsd-x64@0.20.2
86 http fetch GET 200 https://registry.npmjs.org/@esbuild%2flinux-s390x 118ms (cache miss)
87 silly fetch manifest @esbuild/openbsd-x64@0.20.2
88 http fetch GET 200 https://registry.npmjs.org/@esbuild%2flinux-x64 165ms (cache miss)
89 silly fetch manifest @esbuild/sunos-x64@0.20.2
90 http fetch GET 200 https://registry.npmjs.org/@esbuild%2fnetbsd-x64 156ms (cache miss)
91 silly fetch manifest @esbuild/win32-arm64@0.20.2
92 http fetch GET 200 https://registry.npmjs.org/@esbuild%2fopenbsd-x64 153ms (cache miss)
93 silly fetch manifest @esbuild/win32-ia32@0.20.2
94 http fetch GET 200 https://registry.npmjs.org/@esbuild%2fwin32-arm64 137ms (cache miss)
95 silly fetch manifest @esbuild/win32-x64@0.20.2
96 http fetch GET 200 https://registry.npmjs.org/@esbuild%2fsunos-x64 171ms (cache miss)
97 silly fetch manifest @types/estree@1.0.5
98 http fetch GET 200 https://registry.npmjs.org/@esbuild%2fwin32-ia32 141ms (cache miss)
99 silly fetch manifest @rollup/rollup-darwin-arm64@4.17.2
100 http fetch GET 200 https://registry.npmjs.org/@types%2festree 84ms (cache miss)
101 silly fetch manifest @rollup/rollup-android-arm64@4.17.2
102 http fetch GET 200 https://registry.npmjs.org/@esbuild%2fwin32-x64 126ms (cache miss)
103 silly fetch manifest @rollup/rollup-win32-arm64-msvc@4.17.2
104 http fetch GET 200 https://registry.npmjs.org/@rollup%2frollup-android-arm64 1692ms (cache miss)
105 silly fetch manifest @rollup/rollup-linux-arm64-gnu@4.17.2
106 http fetch GET 200 https://registry.npmjs.org/@rollup%2frollup-win32-arm64-msvc 1747ms (cache miss)
107 silly fetch manifest @rollup/rollup-linux-arm64-musl@4.17.2
108 http fetch GET 200 https://registry.npmjs.org/@rollup%2frollup-darwin-arm64 1868ms (cache miss)
109 silly fetch manifest @rollup/rollup-android-arm-eabi@4.17.2
110 http fetch GET 200 https://registry.npmjs.org/@rollup%2frollup-linux-arm64-gnu 499ms (cache miss)
111 silly fetch manifest @rollup/rollup-linux-arm-gnueabihf@4.17.2
112 http fetch GET 200 https://registry.npmjs.org/@rollup%2frollup-android-arm-eabi 1639ms (cache miss)
113 silly fetch manifest @rollup/rollup-linux-arm-musleabihf@4.17.2
114 http fetch GET 200 https://registry.npmjs.org/@rollup%2frollup-linux-arm64-musl 2042ms (cache miss)
115 silly fetch manifest @rollup/rollup-win32-ia32-msvc@4.17.2
116 http fetch GET 200 https://registry.npmjs.org/@rollup%2frollup-linux-arm-gnueabihf 1631ms (cache miss)
117 silly fetch manifest @rollup/rollup-linux-riscv64-gnu@4.17.2
118 http fetch GET 200 https://registry.npmjs.org/@rollup%2frollup-linux-arm-musleabihf 623ms (cache miss)
119 silly fetch manifest @rollup/rollup-linux-powerpc64le-gnu@4.17.2
120 http fetch GET 200 https://registry.npmjs.org/@rollup%2frollup-win32-ia32-msvc 671ms (cache miss)
121 silly fetch manifest @rollup/rollup-linux-s390x-gnu@4.17.2
122 http fetch GET 200 https://registry.npmjs.org/@rollup%2frollup-linux-s390x-gnu 5809ms (cache miss)
123 silly fetch manifest @rollup/rollup-darwin-x64@4.17.2
124 http fetch GET 200 https://registry.npmjs.org/@rollup%2frollup-linux-powerpc64le-gnu 6485ms (cache miss)
125 silly fetch manifest @rollup/rollup-win32-x64-msvc@4.17.2
126 http fetch GET 200 https://registry.npmjs.org/@rollup%2frollup-linux-riscv64-gnu 6877ms (cache miss)
127 silly fetch manifest @rollup/rollup-linux-x64-gnu@4.17.2
128 http fetch GET 200 https://registry.npmjs.org/@rollup%2frollup-darwin-x64 438ms (cache miss)
129 silly fetch manifest @rollup/rollup-linux-x64-musl@4.17.2
130 http fetch GET 200 https://registry.npmjs.org/@rollup%2frollup-win32-x64-msvc 469ms (cache miss)
131 http fetch GET 200 https://registry.npmjs.org/@rollup%2frollup-linux-x64-gnu 387ms (cache miss)
132 http fetch GET 200 https://registry.npmjs.org/@rollup%2frollup-linux-x64-musl 1390ms (cache miss)
133 silly placeDep ROOT @esbuild/aix-ppc64@0.20.2 OK for: esbuild@0.20.2 want: 0.20.2
134 silly placeDep ROOT @esbuild/android-arm@0.20.2 OK for: esbuild@0.20.2 want: 0.20.2
135 silly placeDep ROOT @esbuild/android-arm64@0.20.2 OK for: esbuild@0.20.2 want: 0.20.2
136 silly placeDep ROOT @esbuild/android-x64@0.20.2 OK for: esbuild@0.20.2 want: 0.20.2
137 silly placeDep ROOT @esbuild/darwin-arm64@0.20.2 OK for: esbuild@0.20.2 want: 0.20.2
138 silly placeDep ROOT @esbuild/darwin-x64@0.20.2 OK for: esbuild@0.20.2 want: 0.20.2
139 silly placeDep ROOT @esbuild/freebsd-arm64@0.20.2 OK for: esbuild@0.20.2 want: 0.20.2
140 silly placeDep ROOT @esbuild/freebsd-x64@0.20.2 OK for: esbuild@0.20.2 want: 0.20.2
141 silly placeDep ROOT @esbuild/linux-arm@0.20.2 OK for: esbuild@0.20.2 want: 0.20.2
142 silly placeDep ROOT @esbuild/linux-arm64@0.20.2 OK for: esbuild@0.20.2 want: 0.20.2
143 silly placeDep ROOT @esbuild/linux-ia32@0.20.2 OK for: esbuild@0.20.2 want: 0.20.2
144 silly placeDep ROOT @esbuild/linux-loong64@0.20.2 OK for: esbuild@0.20.2 want: 0.20.2
145 silly placeDep ROOT @esbuild/linux-mips64el@0.20.2 OK for: esbuild@0.20.2 want: 0.20.2
146 silly placeDep ROOT @esbuild/linux-ppc64@0.20.2 OK for: esbuild@0.20.2 want: 0.20.2
147 silly placeDep ROOT @esbuild/linux-riscv64@0.20.2 OK for: esbuild@0.20.2 want: 0.20.2
148 silly placeDep ROOT @esbuild/linux-s390x@0.20.2 OK for: esbuild@0.20.2 want: 0.20.2
149 silly placeDep ROOT @esbuild/linux-x64@0.20.2 OK for: esbuild@0.20.2 want: 0.20.2
150 silly placeDep ROOT @esbuild/netbsd-x64@0.20.2 OK for: esbuild@0.20.2 want: 0.20.2
151 silly placeDep ROOT @esbuild/openbsd-x64@0.20.2 OK for: esbuild@0.20.2 want: 0.20.2
152 silly placeDep ROOT @esbuild/sunos-x64@0.20.2 OK for: esbuild@0.20.2 want: 0.20.2
153 silly placeDep ROOT @esbuild/win32-arm64@0.20.2 OK for: esbuild@0.20.2 want: 0.20.2
154 silly placeDep ROOT @esbuild/win32-ia32@0.20.2 OK for: esbuild@0.20.2 want: 0.20.2
155 silly placeDep ROOT @esbuild/win32-x64@0.20.2 OK for: esbuild@0.20.2 want: 0.20.2
156 silly placeDep ROOT @rollup/rollup-android-arm-eabi@4.17.2 OK for: rollup@4.17.2 want: 4.17.2
157 silly placeDep ROOT @rollup/rollup-android-arm64@4.17.2 OK for: rollup@4.17.2 want: 4.17.2
158 silly placeDep ROOT @rollup/rollup-darwin-arm64@4.17.2 OK for: rollup@4.17.2 want: 4.17.2
159 silly placeDep ROOT @rollup/rollup-darwin-x64@4.17.2 OK for: rollup@4.17.2 want: 4.17.2
160 silly placeDep ROOT @rollup/rollup-linux-arm-gnueabihf@4.17.2 OK for: rollup@4.17.2 want: 4.17.2
161 silly placeDep ROOT @rollup/rollup-linux-arm-musleabihf@4.17.2 OK for: rollup@4.17.2 want: 4.17.2
162 silly placeDep ROOT @rollup/rollup-linux-arm64-gnu@4.17.2 OK for: rollup@4.17.2 want: 4.17.2
163 silly placeDep ROOT @rollup/rollup-linux-arm64-musl@4.17.2 OK for: rollup@4.17.2 want: 4.17.2
164 silly placeDep ROOT @rollup/rollup-linux-powerpc64le-gnu@4.17.2 OK for: rollup@4.17.2 want: 4.17.2
165 silly placeDep ROOT @rollup/rollup-linux-riscv64-gnu@4.17.2 OK for: rollup@4.17.2 want: 4.17.2
166 silly placeDep ROOT @rollup/rollup-linux-s390x-gnu@4.17.2 OK for: rollup@4.17.2 want: 4.17.2
167 silly placeDep ROOT @rollup/rollup-linux-x64-gnu@4.17.2 OK for: rollup@4.17.2 want: 4.17.2
168 silly placeDep ROOT @rollup/rollup-linux-x64-musl@4.17.2 OK for: rollup@4.17.2 want: 4.17.2
169 silly placeDep ROOT @rollup/rollup-win32-arm64-msvc@4.17.2 OK for: rollup@4.17.2 want: 4.17.2
170 silly placeDep ROOT @rollup/rollup-win32-ia32-msvc@4.17.2 OK for: rollup@4.17.2 want: 4.17.2
171 silly placeDep ROOT @rollup/rollup-win32-x64-msvc@4.17.2 OK for: rollup@4.17.2 want: 4.17.2
172 silly placeDep ROOT @types/estree@1.0.5 OK for: rollup@4.17.2 want: 1.0.5
173 silly placeDep ROOT @babel/core@7.24.5 OK for: vite-plugin-react@4.0.1 want: ^7.9.6
174 silly placeDep ROOT @babel/plugin-syntax-import-meta@7.10.4 OK for: vite-plugin-react@4.0.1 want: ^7.10.4
175 silly placeDep ROOT react-refresh@0.8.3 OK for: vite-plugin-react@4.0.1 want: ^0.8.2
176 silly fetch manifest @ampproject/remapping@^2.2.0
177 silly fetch manifest @babel/code-frame@^7.24.2
178 silly fetch manifest @babel/generator@^7.24.5
179 http fetch GET 200 https://registry.npmjs.org/@ampproject%2fremapping 693ms (cache miss)
180 silly fetch manifest @babel/helper-compilation-targets@^7.23.6
181 http fetch GET 200 https://registry.npmjs.org/@babel%2fcode-frame 705ms (cache miss)
182 silly fetch manifest @babel/helper-module-transforms@^7.24.5
183 http fetch GET 200 https://registry.npmjs.org/@babel%2fgenerator 797ms (cache miss)
184 silly fetch manifest @babel/helpers@^7.24.5
185 http fetch GET 200 https://registry.npmjs.org/@babel%2fhelper-compilation-targets 269ms (cache miss)
186 silly fetch manifest @babel/parser@^7.24.5
187 http fetch GET 200 https://registry.npmjs.org/@babel%2fhelper-module-transforms 603ms (cache miss)
188 silly fetch manifest @babel/template@^7.24.0
189 http fetch GET 200 https://registry.npmjs.org/@babel%2ftemplate 465ms (cache miss)
190 silly fetch manifest @babel/traverse@^7.24.5
191 http fetch GET 200 https://registry.npmjs.org/@babel%2fhelpers 1061ms (cache miss)
192 silly fetch manifest @babel/types@^7.24.5
193 http fetch GET 200 https://registry.npmjs.org/@babel%2fparser 1149ms (cache miss)
194 silly fetch manifest convert-source-map@^2.0.0
195 http fetch GET 200 https://registry.npmjs.org/@babel%2ftraverse 504ms (cache miss)
196 silly fetch manifest gensync@^1.0.0-beta.2
197 http fetch GET 200 https://registry.npmjs.org/@babel%2ftypes 467ms (cache miss)
198 silly fetch manifest json5@^2.2.3
199 http fetch GET 200 https://registry.npmjs.org/convert-source-map 257ms (cache miss)
200 silly fetch manifest semver@^6.3.1
201 http fetch GET 200 https://registry.npmjs.org/gensync 448ms (cache miss)
202 silly fetch manifest @babel/helper-plugin-utils@^7.10.4
203 http fetch GET 200 https://registry.npmjs.org/json5 1408ms (cache miss)
204 http fetch GET 200 https://registry.npmjs.org/@babel%2fhelper-plugin-utils 1200ms (cache miss)
205 http fetch GET 200 https://registry.npmjs.org/semver 1728ms (cache miss)
206 silly fetch manifest @babel/core@^7.0.0
207 silly placeDep ROOT @ampproject/remapping@2.3.0 OK for: @babel/core@7.24.5 want: ^2.2.0
208 silly placeDep ROOT @babel/code-frame@7.24.2 OK for: @babel/core@7.24.5 want: ^7.24.2
209 silly placeDep ROOT @babel/generator@7.24.5 OK for: @babel/core@7.24.5 want: ^7.24.5
210 silly placeDep ROOT @babel/helper-compilation-targets@7.23.6 OK for: @babel/core@7.24.5 want: ^7.23.6
211 silly placeDep ROOT @babel/helper-module-transforms@7.24.5 OK for: @babel/core@7.24.5 want: ^7.24.5
212 silly placeDep ROOT @babel/helpers@7.24.5 OK for: @babel/core@7.24.5 want: ^7.24.5
213 silly placeDep ROOT @babel/parser@7.24.5 OK for: @babel/core@7.24.5 want: ^7.24.5
214 silly placeDep ROOT @babel/template@7.24.0 OK for: @babel/core@7.24.5 want: ^7.24.0
215 silly placeDep ROOT @babel/traverse@7.24.5 OK for: @babel/core@7.24.5 want: ^7.24.5
216 silly placeDep ROOT @babel/types@7.24.5 OK for: @babel/core@7.24.5 want: ^7.24.5
217 silly placeDep ROOT convert-source-map@2.0.0 OK for: @babel/core@7.24.5 want: ^2.0.0
218 silly placeDep ROOT gensync@1.0.0-beta.2 OK for: @babel/core@7.24.5 want: ^1.0.0-beta.2
219 silly placeDep node_modules/@babel/core json5@2.2.3 OK for: @babel/core@7.24.5 want: ^2.2.3
220 silly placeDep node_modules/@babel/core semver@6.3.1 OK for: @babel/core@7.24.5 want: ^6.3.1
221 silly fetch manifest @jridgewell/gen-mapping@^0.3.5
222 silly fetch manifest @jridgewell/trace-mapping@^0.3.24
223 silly fetch manifest @babel/highlight@^7.24.2
224 http fetch GET 200 https://registry.npmjs.org/@jridgewell%2fgen-mapping 193ms (cache miss)
225 silly fetch manifest @jridgewell/trace-mapping@^0.3.25
226 http fetch GET 200 https://registry.npmjs.org/@babel%2fhighlight 203ms (cache miss)
227 silly fetch manifest jsesc@^2.5.1
228 http fetch GET 200 https://registry.npmjs.org/@jridgewell%2ftrace-mapping 214ms (cache miss)
229 silly fetch manifest @babel/compat-data@^7.23.5
230 http fetch GET 200 https://registry.npmjs.org/@jridgewell%2ftrace-mapping 700ms (cache miss)
231 silly fetch manifest @babel/helper-validator-option@^7.23.5
232 http fetch GET 200 https://registry.npmjs.org/jsesc 867ms (cache miss)
233 silly fetch manifest browserslist@^4.22.2
234 http fetch GET 200 https://registry.npmjs.org/@babel%2fcompat-data 2123ms (cache miss)
235 silly fetch manifest lru-cache@^5.1.1
236 http fetch GET 200 https://registry.npmjs.org/@babel%2fhelper-validator-option 1512ms (cache miss)
237 silly fetch manifest @babel/helper-environment-visitor@^7.22.20
238 http fetch GET 200 https://registry.npmjs.org/browserslist 1535ms (cache miss)
239 silly fetch manifest @babel/helper-module-imports@^7.24.3
240 http fetch GET 200 https://registry.npmjs.org/@babel%2fhelper-environment-visitor 377ms (cache miss)
241 silly fetch manifest @babel/helper-simple-access@^7.24.5
242 http fetch GET 200 https://registry.npmjs.org/@babel%2fhelper-module-imports 542ms (cache miss)
243 silly fetch manifest @babel/helper-split-export-declaration@^7.24.5
244 http fetch GET 200 https://registry.npmjs.org/lru-cache 838ms (cache miss)
245 silly fetch manifest @babel/helper-validator-identifier@^7.24.5
246 http fetch GET 200 https://registry.npmjs.org/@babel%2fhelper-simple-access 572ms (cache miss)
247 silly fetch manifest @babel/types@^7.24.0
248 silly fetch manifest @babel/helper-function-name@^7.23.0
249 http fetch GET 200 https://registry.npmjs.org/@babel%2fhelper-validator-identifier 248ms (cache miss)
250 silly fetch manifest @babel/helper-hoist-variables@^7.22.5
251 http fetch GET 200 https://registry.npmjs.org/@babel%2fhelper-split-export-declaration 290ms (cache miss)
252 silly fetch manifest globals@^11.1.0
253 http fetch GET 200 https://registry.npmjs.org/@babel%2fhelper-function-name 167ms (cache miss)
254 silly fetch manifest @babel/helper-string-parser@^7.24.1
255 http fetch GET 200 https://registry.npmjs.org/globals 126ms (cache miss)
256 silly fetch manifest to-fast-properties@^2.0.0
257 http fetch GET 200 https://registry.npmjs.org/@babel%2fhelper-hoist-variables 175ms (cache miss)
258 http fetch GET 200 https://registry.npmjs.org/to-fast-properties 50ms (cache miss)
259 http fetch GET 200 https://registry.npmjs.org/@babel%2fhelper-string-parser 116ms (cache miss)
260 silly placeDep ROOT @jridgewell/gen-mapping@0.3.5 OK for: @ampproject/remapping@2.3.0 want: ^0.3.5
261 silly placeDep ROOT @jridgewell/trace-mapping@0.3.25 OK for: @ampproject/remapping@2.3.0 want: ^0.3.24
262 silly fetch manifest @jridgewell/set-array@^1.2.1
263 silly fetch manifest @jridgewell/sourcemap-codec@^1.4.10
264 silly fetch manifest @jridgewell/resolve-uri@^3.1.0
265 http fetch GET 200 https://registry.npmjs.org/@jridgewell%2fsourcemap-codec 79ms (cache miss)
266 silly fetch manifest @jridgewell/sourcemap-codec@^1.4.14
267 http fetch GET 200 https://registry.npmjs.org/@jridgewell%2fresolve-uri 99ms (cache miss)
268 http fetch GET 200 https://registry.npmjs.org/@jridgewell%2fset-array 130ms (cache miss)
269 silly placeDep ROOT @babel/highlight@7.24.5 OK for: @babel/code-frame@7.24.2 want: ^7.24.2
270 silly fetch manifest chalk@^2.4.2
271 http fetch GET 200 https://registry.npmjs.org/chalk 108ms (cache miss)
272 silly placeDep ROOT jsesc@2.5.2 OK for: @babel/generator@7.24.5 want: ^2.5.1
273 silly placeDep ROOT @babel/compat-data@7.24.4 OK for: @babel/helper-compilation-targets@7.23.6 want: ^7.23.5
274 silly placeDep ROOT @babel/helper-validator-option@7.23.5 OK for: @babel/helper-compilation-targets@7.23.6 want: ^7.23.5
275 silly placeDep ROOT browserslist@4.23.0 OK for: @babel/helper-compilation-targets@7.23.6 want: ^4.22.2
276 silly placeDep node_modules/@babel/helper-compilation-targets lru-cache@5.1.1 OK for: @babel/helper-compilation-targets@7.23.6 want: ^5.1.1
277 silly placeDep node_modules/@babel/helper-compilation-targets semver@6.3.1 OK for: @babel/helper-compilation-targets@7.23.6 want: ^6.3.1
278 silly fetch manifest electron-to-chromium@^1.4.668
279 silly fetch manifest node-releases@^2.0.14
280 silly fetch manifest update-browserslist-db@^1.0.13
281 http fetch GET 200 https://registry.npmjs.org/update-browserslist-db 1516ms (cache miss)
282 silly fetch manifest yallist@^3.0.2
283 http fetch GET 200 https://registry.npmjs.org/node-releases 1638ms (cache miss)
284 http fetch GET 200 https://registry.npmjs.org/yallist 1927ms (cache miss)
285 http fetch GET 200 https://registry.npmjs.org/electron-to-chromium 5917ms (cache miss)
286 silly placeDep ROOT @babel/helper-environment-visitor@7.22.20 OK for: @babel/helper-module-transforms@7.24.5 want: ^7.22.20
287 silly placeDep ROOT @babel/helper-module-imports@7.24.3 OK for: @babel/helper-module-transforms@7.24.5 want: ^7.24.3
288 silly placeDep ROOT @babel/helper-simple-access@7.24.5 OK for: @babel/helper-module-transforms@7.24.5 want: ^7.24.5
289 silly placeDep ROOT @babel/helper-split-export-declaration@7.24.5 OK for: @babel/helper-module-transforms@7.24.5 want: ^7.24.5
290 silly placeDep ROOT @babel/helper-validator-identifier@7.24.5 OK for: @babel/helper-module-transforms@7.24.5 want: ^7.24.5
291 silly placeDep node_modules/@babel/highlight chalk@2.4.2 OK for: @babel/highlight@7.24.5 want: ^2.4.2
292 silly fetch manifest ansi-styles@^3.2.1
293 silly fetch manifest escape-string-regexp@^1.0.5
294 silly fetch manifest supports-color@^5.3.0
295 http fetch GET 200 https://registry.npmjs.org/ansi-styles 109ms (cache miss)
296 http fetch GET 200 https://registry.npmjs.org/supports-color 110ms (cache miss)
297 http fetch GET 200 https://registry.npmjs.org/escape-string-regexp 126ms (cache miss)
298 silly placeDep ROOT @babel/helper-plugin-utils@7.24.5 OK for: @babel/plugin-syntax-import-meta@7.10.4 want: ^7.10.4
299 silly placeDep ROOT @babel/helper-function-name@7.23.0 OK for: @babel/traverse@7.24.5 want: ^7.23.0
300 silly placeDep ROOT @babel/helper-hoist-variables@7.22.5 OK for: @babel/traverse@7.24.5 want: ^7.22.5
301 silly placeDep node_modules/@babel/traverse globals@11.12.0 OK for: @babel/traverse@7.24.5 want: ^11.1.0
302 silly placeDep ROOT @babel/helper-string-parser@7.24.1 OK for: @babel/types@7.24.5 want: ^7.24.1
303 silly placeDep ROOT to-fast-properties@2.0.0 OK for: @babel/types@7.24.5 want: ^2.0.0
304 silly placeDep ROOT @jridgewell/set-array@1.2.1 OK for: @jridgewell/gen-mapping@0.3.5 want: ^1.2.1
305 silly placeDep ROOT @jridgewell/sourcemap-codec@1.4.15 OK for: @jridgewell/gen-mapping@0.3.5 want: ^1.4.10
306 silly placeDep ROOT @jridgewell/resolve-uri@3.1.2 OK for: @jridgewell/trace-mapping@0.3.25 want: ^3.1.0
307 silly fetch manifest browserslist@>= 4.21.0
308 silly placeDep ROOT electron-to-chromium@1.4.761 OK for: browserslist@4.23.0 want: ^1.4.668
309 silly placeDep ROOT node-releases@2.0.14 OK for: browserslist@4.23.0 want: ^2.0.14
310 silly placeDep ROOT update-browserslist-db@1.0.15 OK for: browserslist@4.23.0 want: ^1.0.13
311 silly fetch manifest escalade@^3.1.2
312 http fetch GET 200 https://registry.npmjs.org/escalade 127ms (cache miss)
313 silly placeDep ROOT escalade@3.1.2 OK for: update-browserslist-db@1.0.15 want: ^3.1.2
314 silly placeDep ROOT yallist@3.1.1 OK for: lru-cache@5.1.1 want: ^3.0.2
315 silly placeDep node_modules/@babel/highlight ansi-styles@3.2.1 OK for: chalk@2.4.2 want: ^3.2.1
316 silly placeDep node_modules/@babel/highlight escape-string-regexp@1.0.5 OK for: chalk@2.4.2 want: ^1.0.5
317 silly placeDep node_modules/@babel/highlight supports-color@5.5.0 OK for: chalk@2.4.2 want: ^5.3.0
318 silly fetch manifest color-convert@^1.9.0
319 silly fetch manifest has-flag@^3.0.0
320 http fetch GET 200 https://registry.npmjs.org/color-convert 85ms (cache miss)
321 http fetch GET 200 https://registry.npmjs.org/has-flag 128ms (cache miss)
322 silly placeDep node_modules/@babel/highlight color-convert@1.9.3 OK for: ansi-styles@3.2.1 want: ^1.9.0
323 silly fetch manifest color-name@1.1.3
324 http fetch GET 200 https://registry.npmjs.org/color-name 119ms (cache miss)
325 silly placeDep node_modules/@babel/highlight color-name@1.1.3 OK for: color-convert@1.9.3 want: 1.1.3
326 silly placeDep node_modules/@babel/highlight has-flag@3.0.0 OK for: supports-color@5.5.0 want: ^3.0.0
327 silly reify mark retired [
327 silly reify   'C:\\Users\\USER\\Desktop\\sobokkiworld\\sobokkiworld\\node_modules\\pathtonpm-cache'
327 silly reify ]
328 silly reify moves {
328 silly reify   'C:\\Users\\USER\\Desktop\\sobokkiworld\\sobokkiworld\\node_modules\\pathtonpm-cache': 'C:\\Users\\USER\\Desktop\\sobokkiworld\\sobokkiworld\\node_modules\\.pathtonpm-cache-9S80wS8U'
328 silly reify }
329 silly audit bulk request {
329 silly audit   '@babel/runtime': [ '7.24.5' ],
329 silly audit   '@eslint-community/eslint-utils': [ '4.4.0' ],
329 silly audit   '@eslint-community/regexpp': [ '4.10.0' ],
329 silly audit   '@eslint/eslintrc': [ '2.1.4' ],
329 silly audit   '@eslint/js': [ '8.57.0' ],
329 silly audit   '@humanwhocodes/config-array': [ '0.11.14' ],
329 silly audit   '@humanwhocodes/module-importer': [ '1.0.1' ],
329 silly audit   '@humanwhocodes/object-schema': [ '2.0.3' ],
329 silly audit   '@isaacs/cliui': [ '8.0.2' ],
329 silly audit   'ansi-regex': [ '6.0.1', '5.0.1' ],
329 silly audit   'strip-ansi': [ '7.1.0', '6.0.1' ],
329 silly audit   '@next/env': [ '14.2.3' ],
329 silly audit   '@next/eslint-plugin-next': [ '14.2.3' ],
329 silly audit   '@next/swc-darwin-arm64': [ '14.2.3' ],
329 silly audit   '@next/swc-darwin-x64': [ '14.2.3' ],
329 silly audit   '@next/swc-linux-arm64-gnu': [ '14.2.3' ],
329 silly audit   '@next/swc-linux-arm64-musl': [ '14.2.3' ],
329 silly audit   '@next/swc-linux-x64-gnu': [ '14.2.3' ],
329 silly audit   '@next/swc-linux-x64-musl': [ '14.2.3' ],
329 silly audit   '@next/swc-win32-arm64-msvc': [ '14.2.3' ],
329 silly audit   '@next/swc-win32-ia32-msvc': [ '14.2.3' ],
329 silly audit   '@next/swc-win32-x64-msvc': [ '14.2.3' ],
329 silly audit   '@nodelib/fs.scandir': [ '2.1.5' ],
329 silly audit   '@nodelib/fs.stat': [ '2.0.5' ],
329 silly audit   '@nodelib/fs.walk': [ '1.2.8' ],
329 silly audit   '@pkgjs/parseargs': [ '0.11.0' ],
329 silly audit   '@rushstack/eslint-patch': [ '1.10.2' ],
329 silly audit   '@swc/counter': [ '0.1.3' ],
329 silly audit   '@swc/helpers': [ '0.5.5' ],
329 silly audit   '@types/json5': [ '0.0.29' ],
329 silly audit   '@types/node': [ '20.12.11' ],
329 silly audit   '@types/prop-types': [ '15.7.12' ],
329 silly audit   '@types/react': [ '18.3.1' ],
329 silly audit   '@types/react-dom': [ '18.3.0' ],
329 silly audit   '@typescript-eslint/parser': [ '7.2.0' ],
329 silly audit   '@typescript-eslint/scope-manager': [ '7.2.0' ],
329 silly audit   '@typescript-eslint/types': [ '7.2.0' ],
329 silly audit   '@typescript-eslint/typescript-estree': [ '7.2.0' ],
329 silly audit   'brace-expansion': [ '2.0.1', '1.1.11' ],
329 silly audit   minimatch: [ '9.0.3', '9.0.4', '3.1.2' ],
329 silly audit   '@typescript-eslint/visitor-keys': [ '7.2.0' ],
329 silly audit   '@ungap/structured-clone': [ '1.2.0' ],
329 silly audit   acorn: [ '8.11.3' ],
329 silly audit   'acorn-jsx': [ '5.3.2' ],
329 silly audit   ajv: [ '6.12.6' ],
329 silly audit   'ansi-styles': [ '4.3.0', '6.2.1', '3.2.1' ],
329 silly audit   argparse: [ '2.0.1' ],
329 silly audit   'aria-query': [ '5.3.0' ],
329 silly audit   'array-buffer-byte-length': [ '1.0.1' ],
329 silly audit   'array-includes': [ '3.1.8' ],
329 silly audit   'array-union': [ '2.1.0' ],
329 silly audit   'array.prototype.findlast': [ '1.2.5' ],
329 silly audit   'array.prototype.findlastindex': [ '1.2.5' ],
329 silly audit   'array.prototype.flat': [ '1.3.2' ],
329 silly audit   'array.prototype.flatmap': [ '1.3.2' ],
329 silly audit   'array.prototype.toreversed': [ '1.1.2' ],
329 silly audit   'array.prototype.tosorted': [ '1.1.3' ],
329 silly audit   'arraybuffer.prototype.slice': [ '1.0.3' ],
329 silly audit   'ast-types-flow': [ '0.0.8' ],
329 silly audit   'available-typed-arrays': [ '1.0.7' ],
329 silly audit   'axe-core': [ '4.7.0' ],
329 silly audit   'axobject-query': [ '3.2.1' ],
329 silly audit   'balanced-match': [ '1.0.2' ],
329 silly audit   braces: [ '3.0.2' ],
329 silly audit   busboy: [ '1.6.0' ],
329 silly audit   'call-bind': [ '1.0.7' ],
329 silly audit   callsites: [ '3.1.0' ],
329 silly audit   'caniuse-lite': [ '1.0.30001617' ],
329 silly audit   chalk: [ '4.1.2', '2.4.2' ],
329 silly audit   'client-only': [ '0.0.1' ],
329 silly audit   'color-convert': [ '2.0.1', '1.9.3' ],
329 silly audit   'color-name': [ '1.1.4', '1.1.3' ],
329 silly audit   'concat-map': [ '0.0.1' ],
329 silly audit   'cross-spawn': [ '7.0.3' ],
329 silly audit   csstype: [ '3.1.3' ],
329 silly audit   'damerau-levenshtein': [ '1.0.8' ],
329 silly audit   'data-view-buffer': [ '1.0.1' ],
329 silly audit   'data-view-byte-length': [ '1.0.1' ],
329 silly audit   'data-view-byte-offset': [ '1.0.0' ],
329 silly audit   debug: [ '4.3.4', '3.2.7' ],
329 silly audit   'deep-is': [ '0.1.4' ],
329 silly audit   'define-data-property': [ '1.1.4' ],
329 silly audit   'define-properties': [ '1.2.1' ],
329 silly audit   dequal: [ '2.0.3' ],
329 silly audit   'dir-glob': [ '3.0.1' ],
329 silly audit   doctrine: [ '3.0.0', '2.1.0' ],
329 silly audit   eastasianwidth: [ '0.2.0' ],
329 silly audit   'emoji-regex': [ '9.2.2', '8.0.0' ],
329 silly audit   'enhanced-resolve': [ '5.16.1' ],
329 silly audit   'es-abstract': [ '1.23.3' ],
329 silly audit   'es-define-property': [ '1.0.0' ],
329 silly audit   'es-errors': [ '1.3.0' ],
329 silly audit   'es-iterator-helpers': [ '1.0.19' ],
329 silly audit   'es-object-atoms': [ '1.0.0' ],
329 silly audit   'es-set-tostringtag': [ '2.0.3' ],
329 silly audit   'es-shim-unscopables': [ '1.0.2' ],
329 silly audit   'es-to-primitive': [ '1.2.1' ],
329 silly audit   'escape-string-regexp': [ '4.0.0', '1.0.5' ],
329 silly audit   eslint: [ '8.57.0' ],
329 silly audit   'eslint-config-next': [ '14.2.3' ],
329 silly audit   'eslint-import-resolver-node': [ '0.3.9' ],
329 silly audit   'eslint-import-resolver-typescript': [ '3.6.1' ],
329 silly audit   'eslint-module-utils': [ '2.8.1' ],
329 silly audit   'eslint-plugin-import': [ '2.29.1' ],
329 silly audit   semver: [ '6.3.1', '7.6.1' ],
329 silly audit   'eslint-plugin-jsx-a11y': [ '6.8.0' ],
329 silly audit   'eslint-plugin-react': [ '7.34.1' ],
329 silly audit   'eslint-plugin-react-hooks': [ '4.6.2' ],
329 silly audit   resolve: [ '2.0.0-next.5', '1.22.8' ],
329 silly audit   'eslint-scope': [ '7.2.2' ],
329 silly audit   'eslint-visitor-keys': [ '3.4.3' ],
329 silly audit   espree: [ '9.6.1' ],
329 silly audit   esquery: [ '1.5.0' ],
329 silly audit   esrecurse: [ '4.3.0' ],
329 silly audit   estraverse: [ '5.3.0' ],
329 silly audit   esutils: [ '2.0.3' ],
329 silly audit   'fast-deep-equal': [ '3.1.3' ],
329 silly audit   'fast-glob': [ '3.3.2' ],
329 silly audit   'glob-parent': [ '5.1.2', '6.0.2' ],
329 silly audit   'fast-json-stable-stringify': [ '2.1.0' ],
329 silly audit   'fast-levenshtein': [ '2.0.6' ],
329 silly audit   fastq: [ '1.17.1' ],
329 silly audit   'file-entry-cache': [ '6.0.1' ],
329 silly audit   'fill-range': [ '7.0.1' ],
329 silly audit   'find-up': [ '5.0.0' ],
329 silly audit   'flat-cache': [ '3.2.0' ],
329 silly audit   flatted: [ '3.3.1' ],
329 silly audit   'for-each': [ '0.3.3' ],
329 silly audit   'foreground-child': [ '3.1.1' ],
329 silly audit   'fs.realpath': [ '1.0.0' ],
329 silly audit   'function-bind': [ '1.1.2' ],
329 silly audit   'function.prototype.name': [ '1.1.6' ],
329 silly audit   'functions-have-names': [ '1.2.3' ],
329 silly audit   'get-intrinsic': [ '1.2.4' ],
329 silly audit   'get-symbol-description': [ '1.0.2' ],
329 silly audit   'get-tsconfig': [ '4.7.4' ],
329 silly audit   glob: [ '10.3.10', '7.2.3' ],
329 silly audit   globals: [ '13.24.0', '11.12.0' ],
329 silly audit   globalthis: [ '1.0.4' ],
329 silly audit   globby: [ '11.1.0' ],
329 silly audit   gopd: [ '1.0.1' ],
329 silly audit   'graceful-fs': [ '4.2.11' ],
329 silly audit   graphemer: [ '1.4.0' ],
329 silly audit   'has-bigints': [ '1.0.2' ],
329 silly audit   'has-flag': [ '4.0.0', '3.0.0' ],
329 silly audit   'has-property-descriptors': [ '1.0.2' ],
329 silly audit   'has-proto': [ '1.0.3' ],
329 silly audit   'has-symbols': [ '1.0.3' ],
329 silly audit   'has-tostringtag': [ '1.0.2' ],
329 silly audit   hasown: [ '2.0.2' ],
329 silly audit   ignore: [ '5.3.1' ],
329 silly audit   'import-fresh': [ '3.3.0' ],
329 silly audit   imurmurhash: [ '0.1.4' ],
329 silly audit   inflight: [ '1.0.6' ],
329 silly audit   inherits: [ '2.0.4' ],
329 silly audit   'internal-slot': [ '1.0.7' ],
329 silly audit   'is-array-buffer': [ '3.0.4' ],
329 silly audit   'is-async-function': [ '2.0.0' ],
329 silly audit   'is-bigint': [ '1.0.4' ],
329 silly audit   'is-boolean-object': [ '1.1.2' ],
329 silly audit   'is-callable': [ '1.2.7' ],
329 silly audit   'is-core-module': [ '2.13.1' ],
329 silly audit   'is-data-view': [ '1.0.1' ],
329 silly audit   'is-date-object': [ '1.0.5' ],
329 silly audit   'is-extglob': [ '2.1.1' ],
329 silly audit   'is-finalizationregistry': [ '1.0.2' ],
329 silly audit   'is-fullwidth-code-point': [ '3.0.0' ],
329 silly audit   'is-generator-function': [ '1.0.10' ],
329 silly audit   'is-glob': [ '4.0.3' ],
329 silly audit   'is-map': [ '2.0.3' ],
329 silly audit   'is-negative-zero': [ '2.0.3' ],
329 silly audit   'is-number': [ '7.0.0' ],
329 silly audit   'is-number-object': [ '1.0.7' ],
329 silly audit   'is-path-inside': [ '3.0.3' ],
329 silly audit   'is-regex': [ '1.1.4' ],
329 silly audit   'is-set': [ '2.0.3' ],
329 silly audit   'is-shared-array-buffer': [ '1.0.3' ],
329 silly audit   'is-string': [ '1.0.7' ],
329 silly audit   'is-symbol': [ '1.0.4' ],
329 silly audit   'is-typed-array': [ '1.1.13' ],
329 silly audit   'is-weakmap': [ '2.0.2' ],
329 silly audit   'is-weakref': [ '1.0.2' ],
329 silly audit   'is-weakset': [ '2.0.3' ],
329 silly audit   isarray: [ '2.0.5' ],
329 silly audit   isexe: [ '2.0.0' ],
329 silly audit   'iterator.prototype': [ '1.1.2' ],
329 silly audit   jackspeak: [ '2.3.6' ],
329 silly audit   'js-tokens': [ '4.0.0' ],
329 silly audit   'js-yaml': [ '4.1.0' ],
329 silly audit   'json-buffer': [ '3.0.1' ],
329 silly audit   'json-schema-traverse': [ '0.4.1' ],
329 silly audit   'json-stable-stringify-without-jsonify': [ '1.0.1' ],
329 silly audit   json5: [ '1.0.2', '2.2.3' ],
329 silly audit   'jsx-ast-utils': [ '3.3.5' ],
329 silly audit   keyv: [ '4.5.4' ],
329 silly audit   'language-subtag-registry': [ '0.3.22' ],
329 silly audit   'language-tags': [ '1.0.9' ],
329 silly audit   levn: [ '0.4.1' ],
329 silly audit   'locate-path': [ '6.0.0' ],
329 silly audit   'lodash.merge': [ '4.6.2' ],
329 silly audit   'loose-envify': [ '1.4.0' ],
329 silly audit   'lru-cache': [ '10.2.2', '5.1.1' ],
329 silly audit   merge2: [ '1.4.1' ],
329 silly audit   micromatch: [ '4.0.5' ],
329 silly audit   minimist: [ '1.2.8' ],
329 silly audit   minipass: [ '7.1.0' ],
329 silly audit   ms: [ '2.1.2' ],
329 silly audit   nanoid: [ '3.3.7' ],
329 silly audit   'natural-compare': [ '1.4.0' ],
329 silly audit   next: [ '14.2.3' ],
329 silly audit   'object-assign': [ '4.1.1' ],
329 silly audit   'object-inspect': [ '1.13.1' ],
329 silly audit   'object-keys': [ '1.1.1' ],
329 silly audit   'object.assign': [ '4.1.5' ],
329 silly audit   'object.entries': [ '1.1.8' ],
329 silly audit   'object.fromentries': [ '2.0.8' ],
329 silly audit   'object.groupby': [ '1.0.3' ],
329 silly audit   'object.hasown': [ '1.1.4' ],
329 silly audit   'object.values': [ '1.2.0' ],
329 silly audit   once: [ '1.4.0' ],
329 silly audit   optionator: [ '0.9.4' ],
329 silly audit   'p-limit': [ '3.1.0' ],
329 silly audit   'p-locate': [ '5.0.0' ],
329 silly audit   'parent-module': [ '1.0.1' ],
329 silly audit   'path-exists': [ '4.0.0' ],
329 silly audit   'path-is-absolute': [ '1.0.1' ],
329 silly audit   'path-key': [ '3.1.1' ],
329 silly audit   'path-parse': [ '1.0.7' ],
329 silly audit   'path-scurry': [ '1.10.2' ],
329 silly audit   'path-type': [ '4.0.0' ],
329 silly audit   picocolors: [ '1.0.0' ],
329 silly audit   picomatch: [ '2.3.1' ],
329 silly audit   'possible-typed-array-names': [ '1.0.0' ],
329 silly audit   postcss: [ '8.4.31', '8.4.38' ],
329 silly audit   'prelude-ls': [ '1.2.1' ],
329 silly audit   'prop-types': [ '15.8.1' ],
329 silly audit   punycode: [ '2.3.1' ],
329 silly audit   'queue-microtask': [ '1.2.3' ],
329 silly audit   react: [ '18.3.1' ],
329 silly audit   'react-dom': [ '18.3.1' ],
329 silly audit   'react-is': [ '16.13.1' ],
329 silly audit   'reflect.getprototypeof': [ '1.0.6' ],
329 silly audit   'regenerator-runtime': [ '0.14.1' ],
329 silly audit   'regexp.prototype.flags': [ '1.5.2' ],
329 silly audit   'resolve-from': [ '4.0.0' ],
329 silly audit   'resolve-pkg-maps': [ '1.0.0' ],
329 silly audit   reusify: [ '1.0.4' ],
329 silly audit   rimraf: [ '3.0.2' ],
329 silly audit   'run-parallel': [ '1.2.0' ],
329 silly audit   'safe-array-concat': [ '1.1.2' ],
329 silly audit   'safe-regex-test': [ '1.0.3' ],
329 silly audit   scheduler: [ '0.23.2' ],
329 silly audit   'set-function-length': [ '1.2.2' ],
329 silly audit   'set-function-name': [ '2.0.2' ],
329 silly audit   'shebang-command': [ '2.0.0' ],
329 silly audit   'shebang-regex': [ '3.0.0' ],
329 silly audit   'side-channel': [ '1.0.6' ],
329 silly audit   'signal-exit': [ '4.1.0' ],
329 silly audit   slash: [ '3.0.0' ],
329 silly audit   'source-map-js': [ '1.2.0' ],
329 silly audit   streamsearch: [ '1.1.0' ],
329 silly audit   'string-width': [ '5.1.2', '4.2.3' ],
329 silly audit   'string.prototype.matchall': [ '4.0.11' ],
329 silly audit   'string.prototype.trim': [ '1.2.9' ],
329 silly audit   'string.prototype.trimend': [ '1.0.8' ],
329 silly audit   'string.prototype.trimstart': [ '1.0.8' ],
329 silly audit   'strip-bom': [ '3.0.0' ],
329 silly audit   'strip-json-comments': [ '3.1.1' ],
329 silly audit   'styled-jsx': [ '5.1.1' ],
329 silly audit   'supports-color': [ '7.2.0', '5.5.0' ],
329 silly audit   'supports-preserve-symlinks-flag': [ '1.0.0' ],
329 silly audit   tapable: [ '2.2.1' ],
329 silly audit   'text-table': [ '0.2.0' ],
329 silly audit   'to-regex-range': [ '5.0.1' ],
329 silly audit   'ts-api-utils': [ '1.3.0' ],
329 silly audit   'tsconfig-paths': [ '3.15.0' ],
329 silly audit   tslib: [ '2.6.2' ],
329 silly audit   'type-check': [ '0.4.0' ],
329 silly audit   'type-fest': [ '0.20.2' ],
329 silly audit   'typed-array-buffer': [ '1.0.2' ],
329 silly audit   'typed-array-byte-length': [ '1.0.1' ],
329 silly audit   'typed-array-byte-offset': [ '1.0.2' ],
329 silly audit   'typed-array-length': [ '1.0.6' ],
329 silly audit   typescript: [ '5.4.5' ],
329 silly audit   'unbox-primitive': [ '1.0.2' ],
329 silly audit   'undici-types': [ '5.26.5' ],
329 silly audit   'uri-js': [ '4.4.1' ],
329 silly audit   which: [ '2.0.2' ],
329 silly audit   'which-boxed-primitive': [ '1.0.2' ],
329 silly audit   'which-builtin-type': [ '1.1.3' ],
329 silly audit   'which-collection': [ '1.0.2' ],
329 silly audit   'which-typed-array': [ '1.1.15' ],
329 silly audit   'word-wrap': [ '1.2.5' ],
329 silly audit   'wrap-ansi': [ '8.1.0', '7.0.0' ],
329 silly audit   wrappy: [ '1.0.2' ],
329 silly audit   'yocto-queue': [ '0.1.0' ],
329 silly audit   'vite-plugin-react': [ '4.0.1' ],
329 silly audit   vite: [ '5.2.11' ],
329 silly audit   esbuild: [ '0.20.2' ],
329 silly audit   fsevents: [ '2.3.3' ],
329 silly audit   rollup: [ '4.17.2' ],
329 silly audit   '@esbuild/aix-ppc64': [ '0.20.2' ],
329 silly audit   '@esbuild/android-arm': [ '0.20.2' ],
329 silly audit   '@esbuild/android-arm64': [ '0.20.2' ],
329 silly audit   '@esbuild/android-x64': [ '0.20.2' ],
329 silly audit   '@esbuild/darwin-arm64': [ '0.20.2' ],
329 silly audit   '@esbuild/darwin-x64': [ '0.20.2' ],
329 silly audit   '@esbuild/freebsd-arm64': [ '0.20.2' ],
329 silly audit   '@esbuild/freebsd-x64': [ '0.20.2' ],
329 silly audit   '@esbuild/linux-arm': [ '0.20.2' ],
329 silly audit   '@esbuild/linux-arm64': [ '0.20.2' ],
329 silly audit   '@esbuild/linux-ia32': [ '0.20.2' ],
329 silly audit   '@esbuild/linux-loong64': [ '0.20.2' ],
329 silly audit   '@esbuild/linux-mips64el': [ '0.20.2' ],
329 silly audit   '@esbuild/linux-ppc64': [ '0.20.2' ],
329 silly audit   '@esbuild/linux-riscv64': [ '0.20.2' ],
329 silly audit   '@esbuild/linux-s390x': [ '0.20.2' ],
329 silly audit   '@esbuild/linux-x64': [ '0.20.2' ],
329 silly audit   '@esbuild/netbsd-x64': [ '0.20.2' ],
329 silly audit   '@esbuild/openbsd-x64': [ '0.20.2' ],
329 silly audit   '@esbuild/sunos-x64': [ '0.20.2' ],
329 silly audit   '@esbuild/win32-arm64': [ '0.20.2' ],
329 silly audit   '@esbuild/win32-ia32': [ '0.20.2' ],
329 silly audit   '@esbuild/win32-x64': [ '0.20.2' ],
329 silly audit   '@rollup/rollup-android-arm-eabi': [ '4.17.2' ],
329 silly audit   '@rollup/rollup-android-arm64': [ '4.17.2' ],
329 silly audit   '@rollup/rollup-darwin-arm64': [ '4.17.2' ],
329 silly audit   '@rollup/rollup-darwin-x64': [ '4.17.2' ],
329 silly audit   '@rollup/rollup-linux-arm-gnueabihf': [ '4.17.2' ],
329 silly audit   '@rollup/rollup-linux-arm-musleabihf': [ '4.17.2' ],
329 silly audit   '@rollup/rollup-linux-arm64-gnu': [ '4.17.2' ],
329 silly audit   '@rollup/rollup-linux-arm64-musl': [ '4.17.2' ],
329 silly audit   '@rollup/rollup-linux-powerpc64le-gnu': [ '4.17.2' ],
329 silly audit   '@rollup/rollup-linux-riscv64-gnu': [ '4.17.2' ],
329 silly audit   '@rollup/rollup-linux-s390x-gnu': [ '4.17.2' ],
329 silly audit   '@rollup/rollup-linux-x64-gnu': [ '4.17.2' ],
329 silly audit   '@rollup/rollup-linux-x64-musl': [ '4.17.2' ],
329 silly audit   '@rollup/rollup-win32-arm64-msvc': [ '4.17.2' ],
329 silly audit   '@rollup/rollup-win32-ia32-msvc': [ '4.17.2' ],
329 silly audit   '@rollup/rollup-win32-x64-msvc': [ '4.17.2' ],
329 silly audit   '@types/estree': [ '1.0.5' ],
329 silly audit   '@babel/core': [ '7.24.5' ],
329 silly audit   '@babel/plugin-syntax-import-meta': [ '7.10.4' ],
329 silly audit   'react-refresh': [ '0.8.3' ],
329 silly audit   '@ampproject/remapping': [ '2.3.0' ],
329 silly audit   '@babel/code-frame': [ '7.24.2' ],
329 silly audit   '@babel/generator': [ '7.24.5' ],
329 silly audit   '@babel/helper-compilation-targets': [ '7.23.6' ],
329 silly audit   '@babel/helper-module-transforms': [ '7.24.5' ],
329 silly audit   '@babel/helpers': [ '7.24.5' ],
329 silly audit   '@babel/parser': [ '7.24.5' ],
329 silly audit   '@babel/template': [ '7.24.0' ],
329 silly audit   '@babel/traverse': [ '7.24.5' ],
329 silly audit   '@babel/types': [ '7.24.5' ],
329 silly audit   'convert-source-map': [ '2.0.0' ],
329 silly audit   gensync: [ '1.0.0-beta.2' ],
329 silly audit   '@jridgewell/gen-mapping': [ '0.3.5' ],
329 silly audit   '@jridgewell/trace-mapping': [ '0.3.25' ],
329 silly audit   '@babel/highlight': [ '7.24.5' ],
329 silly audit   jsesc: [ '2.5.2' ],
329 silly audit   '@babel/compat-data': [ '7.24.4' ],
329 silly audit   '@babel/helper-validator-option': [ '7.23.5' ],
329 silly audit   browserslist: [ '4.23.0' ],
329 silly audit   '@babel/helper-environment-visitor': [ '7.22.20' ],
329 silly audit   '@babel/helper-module-imports': [ '7.24.3' ],
329 silly audit   '@babel/helper-simple-access': [ '7.24.5' ],
329 silly audit   '@babel/helper-split-export-declaration': [ '7.24.5' ],
329 silly audit   '@babel/helper-validator-identifier': [ '7.24.5' ],
329 silly audit   '@babel/helper-plugin-utils': [ '7.24.5' ],
329 silly audit   '@babel/helper-function-name': [ '7.23.0' ],
329 silly audit   '@babel/helper-hoist-variables': [ '7.22.5' ],
329 silly audit   '@babel/helper-string-parser': [ '7.24.1' ],
329 silly audit   'to-fast-properties': [ '2.0.0' ],
329 silly audit   '@jridgewell/set-array': [ '1.2.1' ],
329 silly audit   '@jridgewell/sourcemap-codec': [ '1.4.15' ],
329 silly audit   '@jridgewell/resolve-uri': [ '3.1.2' ],
329 silly audit   'electron-to-chromium': [ '1.4.761' ],
329 silly audit   'node-releases': [ '2.0.14' ],
329 silly audit   'update-browserslist-db': [ '1.0.15' ],
329 silly audit   escalade: [ '3.1.2' ],
329 silly audit   yallist: [ '3.1.1' ]
329 silly audit }
330 verbose reify failed optional dependency C:\Users\USER\Desktop\sobokkiworld\sobokkiworld\node_modules\@rollup\rollup-win32-ia32-msvc
331 silly reify mark deleted [
331 silly reify   'C:\\Users\\USER\\Desktop\\sobokkiworld\\sobokkiworld\\node_modules\\@rollup\\rollup-win32-ia32-msvc'
331 silly reify ]
332 verbose reify failed optional dependency C:\Users\USER\Desktop\sobokkiworld\sobokkiworld\node_modules\@rollup\rollup-win32-arm64-msvc
333 silly reify mark deleted [
333 silly reify   'C:\\Users\\USER\\Desktop\\sobokkiworld\\sobokkiworld\\node_modules\\@rollup\\rollup-win32-arm64-msvc'
333 silly reify ]
334 verbose reify failed optional dependency C:\Users\USER\Desktop\sobokkiworld\sobokkiworld\node_modules\@rollup\rollup-linux-x64-musl
335 silly reify mark deleted [
335 silly reify   'C:\\Users\\USER\\Desktop\\sobokkiworld\\sobokkiworld\\node_modules\\@rollup\\rollup-linux-x64-musl'
335 silly reify ]
336 verbose reify failed optional dependency C:\Users\USER\Desktop\sobokkiworld\sobokkiworld\node_modules\@rollup\rollup-linux-x64-gnu
337 silly reify mark deleted [
337 silly reify   'C:\\Users\\USER\\Desktop\\sobokkiworld\\sobokkiworld\\node_modules\\@rollup\\rollup-linux-x64-gnu'
337 silly reify ]
338 verbose reify failed optional dependency C:\Users\USER\Desktop\sobokkiworld\sobokkiworld\node_modules\@rollup\rollup-linux-s390x-gnu
339 silly reify mark deleted [
339 silly reify   'C:\\Users\\USER\\Desktop\\sobokkiworld\\sobokkiworld\\node_modules\\@rollup\\rollup-linux-s390x-gnu'
339 silly reify ]
340 verbose reify failed optional dependency C:\Users\USER\Desktop\sobokkiworld\sobokkiworld\node_modules\@rollup\rollup-linux-riscv64-gnu
341 silly reify mark deleted [
341 silly reify   'C:\\Users\\USER\\Desktop\\sobokkiworld\\sobokkiworld\\node_modules\\@rollup\\rollup-linux-riscv64-gnu'
341 silly reify ]
342 verbose reify failed optional dependency C:\Users\USER\Desktop\sobokkiworld\sobokkiworld\node_modules\@rollup\rollup-linux-powerpc64le-gnu
343 silly reify mark deleted [
343 silly reify   'C:\\Users\\USER\\Desktop\\sobokkiworld\\sobokkiworld\\node_modules\\@rollup\\rollup-linux-powerpc64le-gnu'
343 silly reify ]
344 verbose reify failed optional dependency C:\Users\USER\Desktop\sobokkiworld\sobokkiworld\node_modules\@rollup\rollup-linux-arm64-musl
345 silly reify mark deleted [
345 silly reify   'C:\\Users\\USER\\Desktop\\sobokkiworld\\sobokkiworld\\node_modules\\@rollup\\rollup-linux-arm64-musl'
345 silly reify ]
346 verbose reify failed optional dependency C:\Users\USER\Desktop\sobokkiworld\sobokkiworld\node_modules\@rollup\rollup-linux-arm64-gnu
347 silly reify mark deleted [
347 silly reify   'C:\\Users\\USER\\Desktop\\sobokkiworld\\sobokkiworld\\node_modules\\@rollup\\rollup-linux-arm64-gnu'
347 silly reify ]
348 verbose reify failed optional dependency C:\Users\USER\Desktop\sobokkiworld\sobokkiworld\node_modules\@rollup\rollup-linux-arm-musleabihf
349 silly reify mark deleted [
349 silly reify   'C:\\Users\\USER\\Desktop\\sobokkiworld\\sobokkiworld\\node_modules\\@rollup\\rollup-linux-arm-musleabihf'
349 silly reify ]
350 verbose reify failed optional dependency C:\Users\USER\Desktop\sobokkiworld\sobokkiworld\node_modules\@rollup\rollup-linux-arm-gnueabihf
351 silly reify mark deleted [
351 silly reify   'C:\\Users\\USER\\Desktop\\sobokkiworld\\sobokkiworld\\node_modules\\@rollup\\rollup-linux-arm-gnueabihf'
351 silly reify ]
352 verbose reify failed optional dependency C:\Users\USER\Desktop\sobokkiworld\sobokkiworld\node_modules\@rollup\rollup-darwin-x64
353 silly reify mark deleted [
353 silly reify   'C:\\Users\\USER\\Desktop\\sobokkiworld\\sobokkiworld\\node_modules\\@rollup\\rollup-darwin-x64'
353 silly reify ]
354 verbose reify failed optional dependency C:\Users\USER\Desktop\sobokkiworld\sobokkiworld\node_modules\@rollup\rollup-darwin-arm64
355 silly reify mark deleted [
355 silly reify   'C:\\Users\\USER\\Desktop\\sobokkiworld\\sobokkiworld\\node_modules\\@rollup\\rollup-darwin-arm64'
355 silly reify ]
356 verbose reify failed optional dependency C:\Users\USER\Desktop\sobokkiworld\sobokkiworld\node_modules\@rollup\rollup-android-arm64
357 silly reify mark deleted [
357 silly reify   'C:\\Users\\USER\\Desktop\\sobokkiworld\\sobokkiworld\\node_modules\\@rollup\\rollup-android-arm64'
357 silly reify ]
358 verbose reify failed optional dependency C:\Users\USER\Desktop\sobokkiworld\sobokkiworld\node_modules\@rollup\rollup-android-arm-eabi
359 silly reify mark deleted [
359 silly reify   'C:\\Users\\USER\\Desktop\\sobokkiworld\\sobokkiworld\\node_modules\\@rollup\\rollup-android-arm-eabi'
359 silly reify ]
360 verbose reify failed optional dependency C:\Users\USER\Desktop\sobokkiworld\sobokkiworld\node_modules\@esbuild\win32-ia32
361 silly reify mark deleted [
361 silly reify   'C:\\Users\\USER\\Desktop\\sobokkiworld\\sobokkiworld\\node_modules\\@esbuild\\win32-ia32'
361 silly reify ]
362 verbose reify failed optional dependency C:\Users\USER\Desktop\sobokkiworld\sobokkiworld\node_modules\@esbuild\win32-arm64
363 silly reify mark deleted [
363 silly reify   'C:\\Users\\USER\\Desktop\\sobokkiworld\\sobokkiworld\\node_modules\\@esbuild\\win32-arm64'
363 silly reify ]
364 verbose reify failed optional dependency C:\Users\USER\Desktop\sobokkiworld\sobokkiworld\node_modules\@esbuild\sunos-x64
365 silly reify mark deleted [
365 silly reify   'C:\\Users\\USER\\Desktop\\sobokkiworld\\sobokkiworld\\node_modules\\@esbuild\\sunos-x64'
365 silly reify ]
366 verbose reify failed optional dependency C:\Users\USER\Desktop\sobokkiworld\sobokkiworld\node_modules\@esbuild\openbsd-x64
367 silly reify mark deleted [
367 silly reify   'C:\\Users\\USER\\Desktop\\sobokkiworld\\sobokkiworld\\node_modules\\@esbuild\\openbsd-x64'
367 silly reify ]
368 verbose reify failed optional dependency C:\Users\USER\Desktop\sobokkiworld\sobokkiworld\node_modules\@esbuild\netbsd-x64
369 silly reify mark deleted [
369 silly reify   'C:\\Users\\USER\\Desktop\\sobokkiworld\\sobokkiworld\\node_modules\\@esbuild\\netbsd-x64'
369 silly reify ]
370 verbose reify failed optional dependency C:\Users\USER\Desktop\sobokkiworld\sobokkiworld\node_modules\@esbuild\linux-x64
371 silly reify mark deleted [
371 silly reify   'C:\\Users\\USER\\Desktop\\sobokkiworld\\sobokkiworld\\node_modules\\@esbuild\\linux-x64'
371 silly reify ]
372 verbose reify failed optional dependency C:\Users\USER\Desktop\sobokkiworld\sobokkiworld\node_modules\@esbuild\linux-s390x
373 silly reify mark deleted [
373 silly reify   'C:\\Users\\USER\\Desktop\\sobokkiworld\\sobokkiworld\\node_modules\\@esbuild\\linux-s390x'
373 silly reify ]
374 verbose reify failed optional dependency C:\Users\USER\Desktop\sobokkiworld\sobokkiworld\node_modules\@esbuild\linux-riscv64
375 silly reify mark deleted [
375 silly reify   'C:\\Users\\USER\\Desktop\\sobokkiworld\\sobokkiworld\\node_modules\\@esbuild\\linux-riscv64'
375 silly reify ]
376 verbose reify failed optional dependency C:\Users\USER\Desktop\sobokkiworld\sobokkiworld\node_modules\@esbuild\linux-ppc64
377 silly reify mark deleted [
377 silly reify   'C:\\Users\\USER\\Desktop\\sobokkiworld\\sobokkiworld\\node_modules\\@esbuild\\linux-ppc64'
377 silly reify ]
378 verbose reify failed optional dependency C:\Users\USER\Desktop\sobokkiworld\sobokkiworld\node_modules\@esbuild\linux-mips64el
379 silly reify mark deleted [
379 silly reify   'C:\\Users\\USER\\Desktop\\sobokkiworld\\sobokkiworld\\node_modules\\@esbuild\\linux-mips64el'
379 silly reify ]
380 verbose reify failed optional dependency C:\Users\USER\Desktop\sobokkiworld\sobokkiworld\node_modules\@esbuild\linux-loong64
381 silly reify mark deleted [
381 silly reify   'C:\\Users\\USER\\Desktop\\sobokkiworld\\sobokkiworld\\node_modules\\@esbuild\\linux-loong64'
381 silly reify ]
382 verbose reify failed optional dependency C:\Users\USER\Desktop\sobokkiworld\sobokkiworld\node_modules\@esbuild\linux-ia32
383 silly reify mark deleted [
383 silly reify   'C:\\Users\\USER\\Desktop\\sobokkiworld\\sobokkiworld\\node_modules\\@esbuild\\linux-ia32'
383 silly reify ]
384 verbose reify failed optional dependency C:\Users\USER\Desktop\sobokkiworld\sobokkiworld\node_modules\@esbuild\linux-arm64
385 silly reify mark deleted [
385 silly reify   'C:\\Users\\USER\\Desktop\\sobokkiworld\\sobokkiworld\\node_modules\\@esbuild\\linux-arm64'
385 silly reify ]
386 verbose reify failed optional dependency C:\Users\USER\Desktop\sobokkiworld\sobokkiworld\node_modules\@esbuild\linux-arm
387 silly reify mark deleted [
387 silly reify   'C:\\Users\\USER\\Desktop\\sobokkiworld\\sobokkiworld\\node_modules\\@esbuild\\linux-arm'
387 silly reify ]
388 verbose reify failed optional dependency C:\Users\USER\Desktop\sobokkiworld\sobokkiworld\node_modules\@esbuild\freebsd-x64
389 silly reify mark deleted [
389 silly reify   'C:\\Users\\USER\\Desktop\\sobokkiworld\\sobokkiworld\\node_modules\\@esbuild\\freebsd-x64'
389 silly reify ]
390 verbose reify failed optional dependency C:\Users\USER\Desktop\sobokkiworld\sobokkiworld\node_modules\@esbuild\freebsd-arm64
391 silly reify mark deleted [
391 silly reify   'C:\\Users\\USER\\Desktop\\sobokkiworld\\sobokkiworld\\node_modules\\@esbuild\\freebsd-arm64'
391 silly reify ]
392 verbose reify failed optional dependency C:\Users\USER\Desktop\sobokkiworld\sobokkiworld\node_modules\@esbuild\darwin-x64
393 silly reify mark deleted [
393 silly reify   'C:\\Users\\USER\\Desktop\\sobokkiworld\\sobokkiworld\\node_modules\\@esbuild\\darwin-x64'
393 silly reify ]
394 verbose reify failed optional dependency C:\Users\USER\Desktop\sobokkiworld\sobokkiworld\node_modules\@esbuild\darwin-arm64
395 silly reify mark deleted [
395 silly reify   'C:\\Users\\USER\\Desktop\\sobokkiworld\\sobokkiworld\\node_modules\\@esbuild\\darwin-arm64'
395 silly reify ]
396 verbose reify failed optional dependency C:\Users\USER\Desktop\sobokkiworld\sobokkiworld\node_modules\@esbuild\android-x64
397 silly reify mark deleted [
397 silly reify   'C:\\Users\\USER\\Desktop\\sobokkiworld\\sobokkiworld\\node_modules\\@esbuild\\android-x64'
397 silly reify ]
398 verbose reify failed optional dependency C:\Users\USER\Desktop\sobokkiworld\sobokkiworld\node_modules\@esbuild\android-arm64
399 silly reify mark deleted [
399 silly reify   'C:\\Users\\USER\\Desktop\\sobokkiworld\\sobokkiworld\\node_modules\\@esbuild\\android-arm64'
399 silly reify ]
400 verbose reify failed optional dependency C:\Users\USER\Desktop\sobokkiworld\sobokkiworld\node_modules\@esbuild\android-arm
401 silly reify mark deleted [
401 silly reify   'C:\\Users\\USER\\Desktop\\sobokkiworld\\sobokkiworld\\node_modules\\@esbuild\\android-arm'
401 silly reify ]
402 verbose reify failed optional dependency C:\Users\USER\Desktop\sobokkiworld\sobokkiworld\node_modules\@esbuild\aix-ppc64
403 silly reify mark deleted [
403 silly reify   'C:\\Users\\USER\\Desktop\\sobokkiworld\\sobokkiworld\\node_modules\\@esbuild\\aix-ppc64'
403 silly reify ]
404 verbose reify failed optional dependency C:\Users\USER\Desktop\sobokkiworld\sobokkiworld\node_modules\fsevents
405 silly reify mark deleted [
405 silly reify   'C:\\Users\\USER\\Desktop\\sobokkiworld\\sobokkiworld\\node_modules\\fsevents'
405 silly reify ]
406 verbose reify failed optional dependency C:\Users\USER\Desktop\sobokkiworld\sobokkiworld\node_modules\@next\swc-win32-ia32-msvc
407 silly reify mark deleted [
407 silly reify   'C:\\Users\\USER\\Desktop\\sobokkiworld\\sobokkiworld\\node_modules\\@next\\swc-win32-ia32-msvc'
407 silly reify ]
408 verbose reify failed optional dependency C:\Users\USER\Desktop\sobokkiworld\sobokkiworld\node_modules\@next\swc-win32-arm64-msvc
409 silly reify mark deleted [
409 silly reify   'C:\\Users\\USER\\Desktop\\sobokkiworld\\sobokkiworld\\node_modules\\@next\\swc-win32-arm64-msvc'
409 silly reify ]
410 verbose reify failed optional dependency C:\Users\USER\Desktop\sobokkiworld\sobokkiworld\node_modules\@next\swc-linux-x64-musl
411 silly reify mark deleted [
411 silly reify   'C:\\Users\\USER\\Desktop\\sobokkiworld\\sobokkiworld\\node_modules\\@next\\swc-linux-x64-musl'
411 silly reify ]
412 verbose reify failed optional dependency C:\Users\USER\Desktop\sobokkiworld\sobokkiworld\node_modules\@next\swc-linux-x64-gnu
413 silly reify mark deleted [
413 silly reify   'C:\\Users\\USER\\Desktop\\sobokkiworld\\sobokkiworld\\node_modules\\@next\\swc-linux-x64-gnu'
413 silly reify ]
414 verbose reify failed optional dependency C:\Users\USER\Desktop\sobokkiworld\sobokkiworld\node_modules\@next\swc-linux-arm64-musl
415 silly reify mark deleted [
415 silly reify   'C:\\Users\\USER\\Desktop\\sobokkiworld\\sobokkiworld\\node_modules\\@next\\swc-linux-arm64-musl'
415 silly reify ]
416 verbose reify failed optional dependency C:\Users\USER\Desktop\sobokkiworld\sobokkiworld\node_modules\@next\swc-linux-arm64-gnu
417 silly reify mark deleted [
417 silly reify   'C:\\Users\\USER\\Desktop\\sobokkiworld\\sobokkiworld\\node_modules\\@next\\swc-linux-arm64-gnu'
417 silly reify ]
418 verbose reify failed optional dependency C:\Users\USER\Desktop\sobokkiworld\sobokkiworld\node_modules\@next\swc-darwin-x64
419 silly reify mark deleted [
419 silly reify   'C:\\Users\\USER\\Desktop\\sobokkiworld\\sobokkiworld\\node_modules\\@next\\swc-darwin-x64'
419 silly reify ]
420 verbose reify failed optional dependency C:\Users\USER\Desktop\sobokkiworld\sobokkiworld\node_modules\@next\swc-darwin-arm64
421 silly reify mark deleted [
421 silly reify   'C:\\Users\\USER\\Desktop\\sobokkiworld\\sobokkiworld\\node_modules\\@next\\swc-darwin-arm64'
421 silly reify ]
422 silly tarball no local data for yallist@https://registry.npmjs.org/yallist/-/yallist-3.1.1.tgz. Extracting by manifest.
423 silly tarball no local data for escalade@https://registry.npmjs.org/escalade/-/escalade-3.1.2.tgz. Extracting by manifest.
424 silly tarball no local data for update-browserslist-db@https://registry.npmjs.org/update-browserslist-db/-/update-browserslist-db-1.0.15.tgz. Extracting by manifest.
425 silly tarball no local data for node-releases@https://registry.npmjs.org/node-releases/-/node-releases-2.0.14.tgz. Extracting by manifest.
426 silly tarball no local data for electron-to-chromium@https://registry.npmjs.org/electron-to-chromium/-/electron-to-chromium-1.4.761.tgz. Extracting by manifest.
427 silly tarball no local data for @jridgewell/resolve-uri@https://registry.npmjs.org/@jridgewell/resolve-uri/-/resolve-uri-3.1.2.tgz. Extracting by manifest.
428 silly tarball no local data for to-fast-properties@https://registry.npmjs.org/to-fast-properties/-/to-fast-properties-2.0.0.tgz. Extracting by manifest.
429 silly tarball no local data for @jridgewell/sourcemap-codec@https://registry.npmjs.org/@jridgewell/sourcemap-codec/-/sourcemap-codec-1.4.15.tgz. Extracting by manifest.
430 silly tarball no local data for @jridgewell/set-array@https://registry.npmjs.org/@jridgewell/set-array/-/set-array-1.2.1.tgz. Extracting by manifest.
431 silly tarball no local data for @babel/helper-hoist-variables@https://registry.npmjs.org/@babel/helper-hoist-variables/-/helper-hoist-variables-7.22.5.tgz. Extracting by manifest.
432 silly tarball no local data for @babel/helper-string-parser@https://registry.npmjs.org/@babel/helper-string-parser/-/helper-string-parser-7.24.1.tgz. Extracting by manifest.
433 silly tarball no local data for @babel/helper-function-name@https://registry.npmjs.org/@babel/helper-function-name/-/helper-function-name-7.23.0.tgz. Extracting by manifest.
434 silly tarball no local data for @babel/helper-plugin-utils@https://registry.npmjs.org/@babel/helper-plugin-utils/-/helper-plugin-utils-7.24.5.tgz. Extracting by manifest.
435 silly tarball no local data for @babel/helper-split-export-declaration@https://registry.npmjs.org/@babel/helper-split-export-declaration/-/helper-split-export-declaration-7.24.5.tgz. Extracting by manifest.
436 silly tarball no local data for @babel/helper-validator-identifier@https://registry.npmjs.org/@babel/helper-validator-identifier/-/helper-validator-identifier-7.24.5.tgz. Extracting by manifest.
437 silly tarball no local data for @babel/helper-simple-access@https://registry.npmjs.org/@babel/helper-simple-access/-/helper-simple-access-7.24.5.tgz. Extracting by manifest.
438 silly tarball no local data for browserslist@https://registry.npmjs.org/browserslist/-/browserslist-4.23.0.tgz. Extracting by manifest.
439 silly tarball no local data for @babel/helper-module-imports@https://registry.npmjs.org/@babel/helper-module-imports/-/helper-module-imports-7.24.3.tgz. Extracting by manifest.
440 silly tarball no local data for @babel/helper-environment-visitor@https://registry.npmjs.org/@babel/helper-environment-visitor/-/helper-environment-visitor-7.22.20.tgz. Extracting by manifest.
441 silly tarball no local data for jsesc@https://registry.npmjs.org/jsesc/-/jsesc-2.5.2.tgz. Extracting by manifest.
442 silly tarball no local data for @babel/helper-validator-option@https://registry.npmjs.org/@babel/helper-validator-option/-/helper-validator-option-7.23.5.tgz. Extracting by manifest.
443 silly tarball no local data for @jridgewell/trace-mapping@https://registry.npmjs.org/@jridgewell/trace-mapping/-/trace-mapping-0.3.25.tgz. Extracting by manifest.
444 silly tarball no local data for @jridgewell/gen-mapping@https://registry.npmjs.org/@jridgewell/gen-mapping/-/gen-mapping-0.3.5.tgz. Extracting by manifest.
445 silly tarball no local data for gensync@https://registry.npmjs.org/gensync/-/gensync-1.0.0-beta.2.tgz. Extracting by manifest.
446 silly tarball no local data for @babel/compat-data@https://registry.npmjs.org/@babel/compat-data/-/compat-data-7.24.4.tgz. Extracting by manifest.
447 silly tarball no local data for @babel/highlight@https://registry.npmjs.org/@babel/highlight/-/highlight-7.24.5.tgz. Extracting by manifest.
448 silly tarball no local data for convert-source-map@https://registry.npmjs.org/convert-source-map/-/convert-source-map-2.0.0.tgz. Extracting by manifest.
449 silly tarball no local data for @babel/types@https://registry.npmjs.org/@babel/types/-/types-7.24.5.tgz. Extracting by manifest.
450 silly tarball no local data for @babel/traverse@https://registry.npmjs.org/@babel/traverse/-/traverse-7.24.5.tgz. Extracting by manifest.
451 silly tarball no local data for @babel/template@https://registry.npmjs.org/@babel/template/-/template-7.24.0.tgz. Extracting by manifest.
452 silly tarball no local data for @babel/parser@https://registry.npmjs.org/@babel/parser/-/parser-7.24.5.tgz. Extracting by manifest.
453 silly tarball no local data for @babel/helpers@https://registry.npmjs.org/@babel/helpers/-/helpers-7.24.5.tgz. Extracting by manifest.
454 silly tarball no local data for @babel/helper-module-transforms@https://registry.npmjs.org/@babel/helper-module-transforms/-/helper-module-transforms-7.24.5.tgz. Extracting by manifest.
455 silly tarball no local data for @babel/helper-compilation-targets@https://registry.npmjs.org/@babel/helper-compilation-targets/-/helper-compilation-targets-7.23.6.tgz. Extracting by manifest.
456 silly tarball no local data for @babel/generator@https://registry.npmjs.org/@babel/generator/-/generator-7.24.5.tgz. Extracting by manifest.
457 silly tarball no local data for @babel/code-frame@https://registry.npmjs.org/@babel/code-frame/-/code-frame-7.24.2.tgz. Extracting by manifest.
458 silly tarball no local data for react-refresh@https://registry.npmjs.org/react-refresh/-/react-refresh-0.8.3.tgz. Extracting by manifest.
459 silly tarball no local data for @ampproject/remapping@https://registry.npmjs.org/@ampproject/remapping/-/remapping-2.3.0.tgz. Extracting by manifest.
460 silly tarball no local data for @babel/plugin-syntax-import-meta@https://registry.npmjs.org/@babel/plugin-syntax-import-meta/-/plugin-syntax-import-meta-7.10.4.tgz. Extracting by manifest.
461 silly tarball no local data for @babel/core@https://registry.npmjs.org/@babel/core/-/core-7.24.5.tgz. Extracting by manifest.
462 silly tarball no local data for @types/estree@https://registry.npmjs.org/@types/estree/-/estree-1.0.5.tgz. Extracting by manifest.
463 silly tarball no local data for @rollup/rollup-win32-x64-msvc@https://registry.npmjs.org/@rollup/rollup-win32-x64-msvc/-/rollup-win32-x64-msvc-4.17.2.tgz. Extracting by manifest.
464 silly tarball no local data for @esbuild/win32-x64@https://registry.npmjs.org/@esbuild/win32-x64/-/win32-x64-0.20.2.tgz. Extracting by manifest.
465 silly tarball no local data for rollup@https://registry.npmjs.org/rollup/-/rollup-4.17.2.tgz. Extracting by manifest.
466 silly tarball no local data for esbuild@https://registry.npmjs.org/esbuild/-/esbuild-0.20.2.tgz. Extracting by manifest.
467 silly tarball no local data for vite@https://registry.npmjs.org/vite/-/vite-5.2.11.tgz. Extracting by manifest.
468 silly tarball no local data for vite-plugin-react@https://registry.npmjs.org/vite-plugin-react/-/vite-plugin-react-4.0.1.tgz. Extracting by manifest.
469 silly tarball no local data for color-name@https://registry.npmjs.org/color-name/-/color-name-1.1.3.tgz. Extracting by manifest.
470 silly tarball no local data for has-flag@https://registry.npmjs.org/has-flag/-/has-flag-3.0.0.tgz. Extracting by manifest.
471 silly tarball no local data for color-convert@https://registry.npmjs.org/color-convert/-/color-convert-1.9.3.tgz. Extracting by manifest.
472 silly tarball no local data for supports-color@https://registry.npmjs.org/supports-color/-/supports-color-5.5.0.tgz. Extracting by manifest.
473 silly tarball no local data for escape-string-regexp@https://registry.npmjs.org/escape-string-regexp/-/escape-string-regexp-1.0.5.tgz. Extracting by manifest.
474 silly tarball no local data for ansi-styles@https://registry.npmjs.org/ansi-styles/-/ansi-styles-3.2.1.tgz. Extracting by manifest.
475 silly tarball no local data for chalk@https://registry.npmjs.org/chalk/-/chalk-2.4.2.tgz. Extracting by manifest.
476 silly tarball no local data for globals@https://registry.npmjs.org/globals/-/globals-11.12.0.tgz. Extracting by manifest.
477 silly tarball no local data for semver@https://registry.npmjs.org/semver/-/semver-6.3.1.tgz. Extracting by manifest.
478 silly tarball no local data for lru-cache@https://registry.npmjs.org/lru-cache/-/lru-cache-5.1.1.tgz. Extracting by manifest.
479 silly tarball no local data for semver@https://registry.npmjs.org/semver/-/semver-6.3.1.tgz. Extracting by manifest.
480 silly tarball no local data for json5@https://registry.npmjs.org/json5/-/json5-2.2.3.tgz. Extracting by manifest.
481 silly tarball no local data for postcss@https://registry.npmjs.org/postcss/-/postcss-8.4.38.tgz. Extracting by manifest.
482 http fetch POST 200 https://registry.npmjs.org/-/npm/v1/security/advisories/bulk 1381ms
483 silly audit report {}
484 http fetch GET 200 https://registry.npmjs.org/@babel/helper-module-imports/-/helper-module-imports-7.24.3.tgz 4311ms (cache miss)
485 http fetch GET 200 https://registry.npmjs.org/@babel/helper-validator-identifier/-/helper-validator-identifier-7.24.5.tgz 4604ms (cache miss)
486 http fetch GET 200 https://registry.npmjs.org/yallist/-/yallist-3.1.1.tgz 4649ms (cache miss)
487 http fetch GET 200 https://registry.npmjs.org/gensync/-/gensync-1.0.0-beta.2.tgz 4791ms (cache miss)
488 http fetch GET 200 https://registry.npmjs.org/escalade/-/escalade-3.1.2.tgz 4964ms (cache miss)
489 http fetch GET 200 https://registry.npmjs.org/@babel/helper-environment-visitor/-/helper-environment-visitor-7.22.20.tgz 4914ms (cache miss)
490 http fetch GET 200 https://registry.npmjs.org/@babel/helper-simple-access/-/helper-simple-access-7.24.5.tgz 5096ms (cache miss)
491 http fetch GET 200 https://registry.npmjs.org/browserslist/-/browserslist-4.23.0.tgz 5085ms (cache miss)
492 http fetch GET 200 https://registry.npmjs.org/@babel/helper-validator-option/-/helper-validator-option-7.23.5.tgz 5158ms (cache miss)
493 http fetch GET 200 https://registry.npmjs.org/jsesc/-/jsesc-2.5.2.tgz 5166ms (cache miss)
494 http fetch GET 200 https://registry.npmjs.org/react-refresh/-/react-refresh-0.8.3.tgz 5086ms (cache miss)
495 http fetch GET 200 https://registry.npmjs.org/@jridgewell/gen-mapping/-/gen-mapping-0.3.5.tgz 5261ms (cache miss)
496 http fetch GET 200 https://registry.npmjs.org/has-flag/-/has-flag-3.0.0.tgz 5167ms (cache miss)
497 http fetch GET 200 https://registry.npmjs.org/supports-color/-/supports-color-5.5.0.tgz 5165ms (cache miss)
498 http fetch GET 200 https://registry.npmjs.org/to-fast-properties/-/to-fast-properties-2.0.0.tgz 5393ms (cache miss)
499 http fetch GET 200 https://registry.npmjs.org/@babel/helper-hoist-variables/-/helper-hoist-variables-7.22.5.tgz 5396ms (cache miss)
500 http fetch GET 200 https://registry.npmjs.org/@babel/helper-split-export-declaration/-/helper-split-export-declaration-7.24.5.tgz 5393ms (cache miss)
501 http fetch GET 200 https://registry.npmjs.org/@babel/plugin-syntax-import-meta/-/plugin-syntax-import-meta-7.10.4.tgz 5552ms (cache miss)
502 http fetch GET 200 https://registry.npmjs.org/escape-string-regexp/-/escape-string-regexp-1.0.5.tgz 5519ms (cache miss)
503 http fetch GET 200 https://registry.npmjs.org/lru-cache/-/lru-cache-5.1.1.tgz 5755ms (cache miss)
504 http fetch GET 200 https://registry.npmjs.org/ansi-styles/-/ansi-styles-3.2.1.tgz 6130ms (cache miss)
505 http fetch GET 200 https://registry.npmjs.org/convert-source-map/-/convert-source-map-2.0.0.tgz 6418ms (cache miss)
506 http fetch GET 200 https://registry.npmjs.org/globals/-/globals-11.12.0.tgz 6286ms (cache miss)
507 http fetch GET 200 https://registry.npmjs.org/node-releases/-/node-releases-2.0.14.tgz 6782ms (cache miss)
508 http fetch GET 200 https://registry.npmjs.org/color-name/-/color-name-1.1.3.tgz 7650ms (cache miss)
509 http fetch GET 200 https://registry.npmjs.org/color-convert/-/color-convert-1.9.3.tgz 7910ms (cache miss)
510 http fetch GET 200 https://registry.npmjs.org/chalk/-/chalk-2.4.2.tgz 7878ms (cache miss)
511 http fetch GET 200 https://registry.npmjs.org/semver/-/semver-6.3.1.tgz 7876ms (cache miss)
512 http fetch GET 200 https://registry.npmjs.org/update-browserslist-db/-/update-browserslist-db-1.0.15.tgz 8274ms (cache miss)
513 http fetch GET 200 https://registry.npmjs.org/@babel/code-frame/-/code-frame-7.24.2.tgz 8184ms (cache miss)
514 http fetch GET 200 https://registry.npmjs.org/@jridgewell/set-array/-/set-array-1.2.1.tgz 8483ms (cache miss)
515 http fetch GET 200 https://registry.npmjs.org/@babel/helper-string-parser/-/helper-string-parser-7.24.1.tgz 8627ms (cache miss)
516 http fetch GET 200 https://registry.npmjs.org/@babel/helper-function-name/-/helper-function-name-7.23.0.tgz 8629ms (cache miss)
517 http fetch GET 200 https://registry.npmjs.org/@types/estree/-/estree-1.0.5.tgz 8492ms (cache miss)
518 http fetch GET 200 https://registry.npmjs.org/@babel/highlight/-/highlight-7.24.5.tgz 8698ms (cache miss)
519 http fetch GET 200 https://registry.npmjs.org/@jridgewell/sourcemap-codec/-/sourcemap-codec-1.4.15.tgz 8905ms (cache miss)
520 http fetch GET 200 https://registry.npmjs.org/@jridgewell/resolve-uri/-/resolve-uri-3.1.2.tgz 9836ms (cache miss)
521 http fetch GET 200 https://registry.npmjs.org/esbuild/-/esbuild-0.20.2.tgz 10133ms (cache miss)
522 http fetch GET 200 https://registry.npmjs.org/semver/-/semver-6.3.1.tgz 11602ms (cache miss)
523 http fetch GET 200 https://registry.npmjs.org/vite-plugin-react/-/vite-plugin-react-4.0.1.tgz 12562ms (cache miss)
524 http fetch GET 200 https://registry.npmjs.org/@ampproject/remapping/-/remapping-2.3.0.tgz 15159ms (cache miss)
525 http fetch GET 200 https://registry.npmjs.org/@babel/compat-data/-/compat-data-7.24.4.tgz 15881ms (cache miss)
526 http fetch GET 200 https://registry.npmjs.org/@jridgewell/trace-mapping/-/trace-mapping-0.3.25.tgz 19469ms (cache miss)
527 http fetch GET 200 https://registry.npmjs.org/@babel/helper-compilation-targets/-/helper-compilation-targets-7.23.6.tgz 19448ms (cache miss)
528 http fetch GET 200 https://registry.npmjs.org/@babel/helper-plugin-utils/-/helper-plugin-utils-7.24.5.tgz 19518ms (cache miss)
529 http fetch GET 200 https://registry.npmjs.org/electron-to-chromium/-/electron-to-chromium-1.4.761.tgz 20596ms (cache miss)
530 http fetch GET 200 https://registry.npmjs.org/@babel/helper-module-transforms/-/helper-module-transforms-7.24.5.tgz 20513ms (cache miss)
531 http fetch GET 200 https://registry.npmjs.org/@babel/template/-/template-7.24.0.tgz 21318ms (cache miss)
532 http fetch GET 200 https://registry.npmjs.org/json5/-/json5-2.2.3.tgz 23957ms (cache miss)
533 http fetch GET 200 https://registry.npmjs.org/@babel/parser/-/parser-7.24.5.tgz 28477ms (cache miss)
534 http fetch GET 200 https://registry.npmjs.org/@babel/generator/-/generator-7.24.5.tgz 37117ms (cache miss)
535 http fetch GET 200 https://registry.npmjs.org/postcss/-/postcss-8.4.38.tgz 37953ms (cache miss)
536 http fetch GET 200 https://registry.npmjs.org/rollup/-/rollup-4.17.2.tgz 38110ms (cache miss)
537 http fetch GET 200 https://registry.npmjs.org/@rollup/rollup-win32-x64-msvc/-/rollup-win32-x64-msvc-4.17.2.tgz 38178ms (cache miss)
538 http fetch GET 200 https://registry.npmjs.org/@babel/traverse/-/traverse-7.24.5.tgz 38389ms (cache miss)
539 http fetch GET 200 https://registry.npmjs.org/vite/-/vite-5.2.11.tgz 38387ms (cache miss)
540 http fetch GET 200 https://registry.npmjs.org/@esbuild/win32-x64/-/win32-x64-0.20.2.tgz 38916ms (cache miss)
541 http fetch GET 200 https://registry.npmjs.org/@babel/helpers/-/helpers-7.24.5.tgz 39012ms (cache miss)
542 http fetch GET 200 https://registry.npmjs.org/@babel/core/-/core-7.24.5.tgz 39157ms (cache miss)
543 http fetch GET 200 https://registry.npmjs.org/@babel/types/-/types-7.24.5.tgz 51560ms (cache miss)
544 info run esbuild@0.20.2 postinstall node_modules/esbuild node install.js
545 info run esbuild@0.20.2 postinstall { code: 0, signal: null }
546 silly ADD node_modules/yallist
547 silly ADD node_modules/escalade
548 silly ADD node_modules/update-browserslist-db
549 silly ADD node_modules/node-releases
550 silly ADD node_modules/electron-to-chromium
551 silly ADD node_modules/@jridgewell/resolve-uri
552 silly ADD node_modules/@jridgewell/sourcemap-codec
553 silly ADD node_modules/@jridgewell/set-array
554 silly ADD node_modules/to-fast-properties
555 silly ADD node_modules/@babel/helper-string-parser
556 silly ADD node_modules/@babel/helper-hoist-variables
557 silly ADD node_modules/@babel/helper-function-name
558 silly ADD node_modules/@babel/helper-plugin-utils
559 silly ADD node_modules/@babel/helper-validator-identifier
560 silly ADD node_modules/@babel/helper-split-export-declaration
561 silly ADD node_modules/@babel/helper-simple-access
562 silly ADD node_modules/@babel/helper-module-imports
563 silly ADD node_modules/@babel/helper-environment-visitor
564 silly ADD node_modules/browserslist
565 silly ADD node_modules/@babel/helper-validator-option
566 silly ADD node_modules/@babel/compat-data
567 silly ADD node_modules/jsesc
568 silly ADD node_modules/@babel/highlight
569 silly ADD node_modules/@babel/highlight/node_modules/has-flag
570 silly ADD node_modules/@babel/highlight/node_modules/color-name
571 silly ADD node_modules/@babel/highlight/node_modules/color-convert
572 silly ADD node_modules/@babel/highlight/node_modules/supports-color
573 silly ADD node_modules/@babel/highlight/node_modules/escape-string-regexp
574 silly ADD node_modules/@babel/highlight/node_modules/ansi-styles
575 silly ADD node_modules/@babel/highlight/node_modules/chalk
576 silly ADD node_modules/@jridgewell/trace-mapping
577 silly ADD node_modules/@jridgewell/gen-mapping
578 silly ADD node_modules/gensync
579 silly ADD node_modules/convert-source-map
580 silly ADD node_modules/@babel/types
581 silly ADD node_modules/@babel/traverse
582 silly ADD node_modules/@babel/traverse/node_modules/globals
583 silly ADD node_modules/@babel/template
584 silly ADD node_modules/@babel/parser
585 silly ADD node_modules/@babel/helpers
586 silly ADD node_modules/@babel/helper-module-transforms
587 silly ADD node_modules/@babel/helper-compilation-targets
588 silly ADD node_modules/@babel/helper-compilation-targets/node_modules/semver
589 silly ADD node_modules/@babel/helper-compilation-targets/node_modules/lru-cache
590 silly ADD node_modules/@babel/generator
591 silly ADD node_modules/@babel/code-frame
592 silly ADD node_modules/@ampproject/remapping
593 silly ADD node_modules/react-refresh
594 silly ADD node_modules/@babel/plugin-syntax-import-meta
595 silly ADD node_modules/@babel/core
596 silly ADD node_modules/@babel/core/node_modules/semver
597 silly ADD node_modules/@babel/core/node_modules/json5
598 silly ADD node_modules/@types/estree
599 silly ADD node_modules/@rollup/rollup-win32-x64-msvc
600 silly ADD
601 silly ADD
602 silly ADD
603 silly ADD
604 silly ADD
605 silly ADD
606 silly ADD
607 silly ADD
608 silly ADD
609 silly ADD
610 silly ADD
611 silly ADD
612 silly ADD
613 silly ADD
614 silly ADD
615 silly ADD node_modules/@esbuild/win32-x64
616 silly ADD
617 silly ADD
618 silly ADD
619 silly ADD
620 silly ADD
621 silly ADD
622 silly ADD
623 silly ADD
624 silly ADD
625 silly ADD
626 silly ADD
627 silly ADD
628 silly ADD
629 silly ADD
630 silly ADD
631 silly ADD
632 silly ADD
633 silly ADD
634 silly ADD
635 silly ADD
636 silly ADD
637 silly ADD
638 silly ADD node_modules/rollup
639 silly ADD
640 silly ADD node_modules/esbuild
641 silly ADD node_modules/vite
642 silly ADD node_modules/vite/node_modules/postcss
643 silly ADD node_modules/vite-plugin-react
644 silly ADD
645 silly ADD
646 silly ADD
647 silly ADD
648 silly ADD
649 silly ADD
650 silly ADD
651 silly ADD
652 silly REMOVE node_modules/pathtonpm-cache
653 verbose exit 0
654 info ok
